[19:09:01] [main/INFO] (FabricLoader/GameProvider) Loading Minecraft 1.21.1 with Fabric Loader 0.16.14
[19:09:01] [main/INFO] (FabricLoader) Loading 55 mods:
	- fabric-api 0.116.1+1.21.1
	- fabric-api-base 0.4.42+6573ed8c19
	- fabric-api-lookup-api-v1 1.6.71+b559734419
	- fabric-biome-api-v1 13.0.31+d527f9fd19
	- fabric-block-api-v1 1.1.0+0bc3503219
	- fabric-block-view-api-v2 1.0.11+ebb2264e19
	- fabric-blockrenderlayer-v1 1.1.52+0af3f5a719
	- fabric-client-tags-api-v1 1.1.15+6573ed8c19
	- fabric-command-api-v1 1.2.49+f71b366f19
	- fabric-command-api-v2 2.2.28+6ced4dd919
	- fabric-commands-v0 0.2.66+df3654b319
	- fabric-content-registries-v0 8.0.19+b559734419
	- fabric-convention-tags-v1 2.1.5+7f945d5b19
	- fabric-convention-tags-v2 2.11.1+a406e79519
	- fabric-crash-report-info-v1 0.2.29+0af3f5a719
	- fabric-data-attachment-api-v1 1.4.5+6116a37819
	- fabric-data-generation-api-v1 20.2.29+16c4ae2519
	- fabric-dimensions-v1 4.0.0+6fc22b9919
	- fabric-entity-events-v1 1.8.0+2b27e0a419
	- fabric-events-interaction-v0 0.7.13+ba9dae0619
	- fabric-game-rule-api-v1 1.0.53+6ced4dd919
	- fabric-gametest-api-v1 2.0.5+6fc22b9919
	- fabric-item-api-v1 11.1.1+d5debaed19
	- fabric-item-group-api-v1 4.1.7+def88e3a19
	- fabric-key-binding-api-v1 1.0.47+0af3f5a719
	- fabric-keybindings-v0 0.2.45+df3654b319
	- fabric-lifecycle-events-v1 2.6.0+0865547519
	- fabric-loot-api-v2 3.0.15+3f89f5a519
	- fabric-loot-api-v3 1.0.3+3f89f5a519
	- fabric-message-api-v1 6.0.14+8aaf3aca19
	- fabric-model-loading-api-v1 2.0.0+fe474d6b19
	- fabric-networking-api-v1 4.3.0+c7469b2119
	- fabric-object-builder-api-v1 15.2.1+40875a9319
	- fabric-particles-v1 4.0.2+6573ed8c19
	- fabric-recipe-api-v1 5.0.14+248df81c19
	- fabric-registry-sync-v0 5.2.0+34f5d91419
	- fabric-renderer-api-v1 3.4.0+c705a49c19
	- fabric-renderer-indigo 1.7.0+c705a49c19
	- fabric-renderer-registries-v1 3.2.68+df3654b319
	- fabric-rendering-data-attachment-v1 0.3.49+73761d2e19
	- fabric-rendering-fluids-v1 3.1.6+1daea21519
	- fabric-rendering-v0 1.1.71+df3654b319
	- fabric-rendering-v1 5.0.5+df16efd019
	- fabric-resource-conditions-api-v1 4.3.0+8dc279b119
	- fabric-resource-loader-v0 1.3.1+5b5275af19
	- fabric-screen-api-v1 2.0.25+8b68f1c719
	- fabric-screen-handler-api-v1 1.3.88+b559734419
	- fabric-sound-api-v1 1.0.23+6573ed8c19
	- fabric-transfer-api-v1 5.4.3+c24bd99419
	- fabric-transitive-access-wideners-v1 6.2.0+45b9699719
	- fabricloader 0.16.14
	- java 21
	- minecraft 1.21.1
	- mixinextras 0.4.1
	- mobpvp 3.1.1-23.07.2025
[19:09:02] [main/INFO] (FabricLoader/Mixin) SpongePowered MIXIN Subsystem Version=0.8.7 Source=file:/C:/Users/akgls/.gradle/caches/modules-2/files-2.1/net.fabricmc/sponge-mixin/0.15.5+mixin.0.8.7/22f9eb729e216a091673a574a5906dc1b9027fb3/sponge-mixin-0.15.5+mixin.0.8.7.jar Service=Knot/Fabric Env=CLIENT
[19:09:02] [main/INFO] (FabricLoader/Mixin) Loaded Fabric development mappings for mixin remapper!
[19:09:02] [main/INFO] (FabricLoader/Mixin) Compatibility level set to JAVA_17
[19:09:02] [main/INFO] (FabricLoader/Mixin) Compatibility level set to JAVA_21
[19:09:04] [main/INFO] (FabricLoader/MixinExtras|Service) Initializing MixinExtras via com.llamalad7.mixinextras.service.MixinExtrasServiceImpl(version=0.4.1).
[19:09:05] [Datafixer Bootstrap/INFO] (Minecraft) 226 Datafixer optimizations took 734 milliseconds
[19:09:13] [Render thread/INFO] (Minecraft) Environment: Environment[sessionHost=https://sessionserver.mojang.com, servicesHost=https://api.minecraftservices.com, name=PROD]
[19:09:13] [Render thread/INFO] (Minecraft) Setting user: Player404
[19:09:13] [Render thread/INFO] (Minecraft) [STDOUT]: Custom entities registered.
[19:09:13] [Render thread/INFO] (Minecraft) [STDOUT]: Mob özellikleri kaydedildi
[19:09:14] [Render thread/INFO] (Indigo) [Indigo] Registering Indigo renderer!
[19:09:14] [Render thread/INFO] (Minecraft) Backend library: LWJGL version 3.3.3-snapshot
[19:09:16] [Render thread/INFO] (Minecraft) Reloading ResourceManager: vanilla, fabric, fabric-api, fabric-api-base, fabric-api-lookup-api-v1, fabric-biome-api-v1, fabric-block-api-v1, fabric-block-view-api-v2, fabric-blockrenderlayer-v1, fabric-client-tags-api-v1, fabric-command-api-v1, fabric-command-api-v2, fabric-commands-v0, fabric-content-registries-v0, fabric-convention-tags-v1, fabric-convention-tags-v2, fabric-crash-report-info-v1, fabric-data-attachment-api-v1, fabric-data-generation-api-v1, fabric-dimensions-v1, fabric-entity-events-v1, fabric-events-interaction-v0, fabric-game-rule-api-v1, fabric-gametest-api-v1, fabric-item-api-v1, fabric-item-group-api-v1, fabric-key-binding-api-v1, fabric-keybindings-v0, fabric-lifecycle-events-v1, fabric-loot-api-v2, fabric-loot-api-v3, fabric-message-api-v1, fabric-model-loading-api-v1, fabric-networking-api-v1, fabric-object-builder-api-v1, fabric-particles-v1, fabric-recipe-api-v1, fabric-registry-sync-v0, fabric-renderer-api-v1, fabric-renderer-indigo, fabric-renderer-registries-v1, fabric-rendering-data-attachment-v1, fabric-rendering-fluids-v1, fabric-rendering-v0, fabric-rendering-v1, fabric-resource-conditions-api-v1, fabric-resource-loader-v0, fabric-screen-api-v1, fabric-screen-handler-api-v1, fabric-sound-api-v1, fabric-transfer-api-v1, fabric-transitive-access-wideners-v1, fabricloader, mobpvp
[19:09:16] [Worker-Main-3/INFO] (Minecraft) Found unifont_all_no_pua-15.1.05.hex, loading
[19:09:17] [Worker-Main-3/INFO] (Minecraft) Found unifont_jp_patch-15.1.05.hex, loading
[19:09:18] [Render thread/WARN] (Minecraft) Missing sound for event: minecraft:item.goat_horn.play
[19:09:18] [Render thread/WARN] (Minecraft) Missing sound for event: minecraft:entity.goat.screaming.horn_break
[19:09:19] [Render thread/INFO] (Minecraft) OpenAL initialized on device OpenAL Soft on SES (VB-Audio Virtual Cable)
[19:09:19] [Render thread/INFO] (Minecraft) Sound engine started
[19:09:19] [Render thread/INFO] (Minecraft) Created: 1024x512x4 minecraft:textures/atlas/blocks.png-atlas
[19:09:19] [Render thread/INFO] (Minecraft) Created: 256x256x4 minecraft:textures/atlas/signs.png-atlas
[19:09:19] [Render thread/INFO] (Minecraft) Created: 512x512x4 minecraft:textures/atlas/shield_patterns.png-atlas
[19:09:19] [Render thread/INFO] (Minecraft) Created: 512x512x4 minecraft:textures/atlas/banner_patterns.png-atlas
[19:09:19] [Render thread/INFO] (Minecraft) Created: 1024x1024x4 minecraft:textures/atlas/armor_trims.png-atlas
[19:09:19] [Render thread/INFO] (Minecraft) Created: 128x64x4 minecraft:textures/atlas/decorated_pot.png-atlas
[19:09:19] [Render thread/INFO] (Minecraft) Created: 256x256x4 minecraft:textures/atlas/chest.png-atlas
[19:09:19] [Render thread/INFO] (Minecraft) Created: 512x256x4 minecraft:textures/atlas/shulker_boxes.png-atlas
[19:09:19] [Render thread/INFO] (Minecraft) Created: 512x256x4 minecraft:textures/atlas/beds.png-atlas
[19:09:19] [Render thread/INFO] (Minecraft) Created: 512x256x0 minecraft:textures/atlas/particles.png-atlas
[19:09:19] [Render thread/INFO] (Minecraft) Created: 512x256x0 minecraft:textures/atlas/paintings.png-atlas
[19:09:19] [Render thread/INFO] (Minecraft) Created: 256x128x0 minecraft:textures/atlas/mob_effects.png-atlas
[19:09:19] [Render thread/INFO] (Minecraft) Created: 64x64x0 minecraft:textures/atlas/map_decorations.png-atlas
[19:09:19] [Render thread/INFO] (Minecraft) Created: 1024x512x0 minecraft:textures/atlas/gui.png-atlas
[19:09:19] [Render thread/WARN] (Minecraft) Shader rendertype_entity_translucent_emissive could not find sampler named Sampler2 in the specified shader program.
[19:09:20] [Render thread/INFO] (mobpvp) Playing startup sound
[19:09:30] [Render thread/INFO] (Minecraft) Loaded 1300 recipes
[19:09:31] [Render thread/INFO] (Minecraft) Loaded 1417 advancements
[19:09:31] [Render thread/WARN] (Minecraft) Not all defined tags for registry ResourceKey[minecraft:root / minecraft:entity_type] are present in data pack: mobpvp:hostile_mobs
[19:09:32] [Render thread/INFO] (BiomeModificationImpl) Applied 54 biome modifications to 53 of 64 new biomes in 15.74 ms
[19:09:32] [Server thread/INFO] (Minecraft) Starting integrated minecraft server version 1.21.1
[19:09:32] [Server thread/INFO] (Minecraft) Generating keypair
[19:09:32] [Server thread/INFO] (Minecraft) Preparing start region for dimension minecraft:overworld
[19:09:33] [Render thread/INFO] (Minecraft) Başlangıç alanı hazırlanıyor: %0
[19:09:33] [Render thread/INFO] (Minecraft) Time elapsed: 415 ms
[19:09:33] [Server thread/INFO] (Minecraft) Changing view distance to 32, from 10
[19:09:33] [Server thread/INFO] (Minecraft) Changing simulation distance to 11, from 0
[19:09:34] [Server thread/WARN] (Minecraft) Invalid statistic in D:\Programs\IDEA\PROJECTS\MobPVP\run\saves\Yeni Dünya\stats\d1fadcd5-f8ee-389b-ae76-2112e34d591e.json: Don't know what mobpvp:custom_skeleton is
[19:09:34] [Server thread/INFO] (Minecraft) Player404[local:E:25025f7b] logged in with entity id 25 at (-177.30506957408107, -57.970627176558644, -215.29795531576866)
[19:09:34] [Server thread/INFO] (Minecraft) Player404 oyuna katıldı
[19:09:34] [Server thread/INFO] (Minecraft) Player404, [Elmaslar!] gelişimini yaptı
[19:09:34] [Server thread/INFO] (Minecraft) Player404, [Donanım Edin] gelişimini yaptı
[19:09:34] [Server thread/INFO] (Minecraft) Player404, [Kanatlara Kavuş] meydan okumasını tamamladı
[19:09:34] [Server thread/INFO] (Minecraft) Player404, [İstikbal Göklerdedir] hedefine ulaştı
[19:09:35] [Server thread/INFO] (Minecraft) Named entity MadZombieEntity['§c[Seviye: 15] §fMad Zombie §7- §a0,7§7/§c48 ❤'/144, l='ServerLevel[Ana dünya]', x=-129.18, y=-60.00, z=-151.66] died: §c[Seviye: 15] §fMad Zombie §7- §a0,7§7/§c48 ❤ yanarak öldü
[19:09:35] [Server thread/INFO] (Minecraft) Named entity MadSkeletonEntity['§c[Seviye: 14] §fMad Skeleton §7- §a0,1§7/§c47 ❤'/36, l='ServerLevel[Ana dünya]', x=-126.16, y=-60.00, z=-214.78] died: §c[Seviye: 14] §fMad Skeleton §7- §a0,1§7/§c47 ❤ yanarak öldü
[19:09:35] [Server thread/INFO] (Minecraft) Named entity MadZombieEntity['§c[Seviye: 24] §fMad Zombie §7- §a1,8§7/§c52 ❤'/145, l='ServerLevel[Ana dünya]', x=-131.20, y=-60.00, z=-145.76] died: §c[Seviye: 24] §fMad Zombie §7- §a1,8§7/§c52 ❤ yanarak öldü
[19:09:36] [Server thread/INFO] (Minecraft) Named entity ZombieEntity['§c[Seviye: 10] §fZombi §7- §a4,2§7/§c44 ❤'/207, l='ServerLevel[Ana dünya]', x=-123.02, y=-63.00, z=-149.98] died: §c[Seviye: 10] §fZombi §7- §a4,2§7/§c44 ❤, §c[Seviye: 37] §fMad Zombie §7- §a2,4§7/§c56 ❤ tarafından katledildi
[19:09:36] [Server thread/INFO] (Minecraft) Named entity MadSkeletonEntity['§c[Seviye: 11] §fMad Skeleton §7- §a0,0§7/§c45 ❤'/263, l='ServerLevel[Ana dünya]', x=-119.77, y=-60.00, z=-136.41] died: §c[Seviye: 11] §fMad Skeleton §7- §a0,0§7/§c45 ❤ yanarak öldü
[19:09:36] [Server thread/INFO] (Minecraft) Named entity MadZombieEntity['§c[Seviye: 37] §fMad Zombie §7- §a1,4§7/§c56 ❤'/140, l='ServerLevel[Ana dünya]', x=-130.56, y=-63.00, z=-148.50] died: §c[Seviye: 37] §fMad Zombie §7- §a1,4§7/§c56 ❤ yanarak öldü
[19:09:37] [Server thread/INFO] (Minecraft) Named entity ZombieEntity['§c[Seviye: 1] §fZombi §7- §a7,2§7/§c27 ❤'/391, l='ServerLevel[Ana dünya]', x=-110.19, y=-63.00, z=-229.88] died: §c[Seviye: 1] §fZombi §7- §a7,2§7/§c27 ❤, §c[Seviye: 38] §fMad Zombie §7- §a54,6§7/§c57 ❤ tarafından katledildi
[19:09:37] [Server thread/INFO] (Minecraft) Named entity ZombieEntity['§c[Seviye: 15] §fZombi §7- §a11,4§7/§c48 ❤'/390, l='ServerLevel[Ana dünya]', x=-113.05, y=-63.00, z=-228.69] died: §c[Seviye: 15] §fZombi §7- §a11,4§7/§c48 ❤, §c[Seviye: 27] §fMad Zombie §7- §a53,3§7/§c53 ❤ tarafından katledildi
[19:09:37] [Server thread/INFO] (Minecraft) Named entity MadSkeletonEntity['§c[Seviye: 29] §fMad Skeleton §7- §a2,0§7/§c54 ❤'/120, l='ServerLevel[Ana dünya]', x=-143.27, y=-60.00, z=-148.71] died: §c[Seviye: 29] §fMad Skeleton §7- §a2,0§7/§c54 ❤ yanarak öldü
[19:09:37] [Server thread/INFO] (Minecraft) Named entity MadZombieEntity['§c[Seviye: 37] §fMad Zombie §7- §a2,4§7/§c56 ❤'/200, l='ServerLevel[Ana dünya]', x=-124.57, y=-63.00, z=-149.51] died: §c[Seviye: 37] §fMad Zombie §7- §a2,4§7/§c56 ❤ yanarak öldü
[19:09:37] [Server thread/INFO] (Minecraft) Named entity ZombieEntity['§c[Seviye: 3] §fZombi §7- §a16,3§7/§c34 ❤'/387, l='ServerLevel[Ana dünya]', x=-109.14, y=-63.00, z=-226.91] died: §c[Seviye: 3] §fZombi §7- §a16,3§7/§c34 ❤, §c[Seviye: 30] §fMad Zombie §7- §a50,3§7/§c54 ❤ tarafından katledildi
[19:09:38] [Server thread/INFO] (Minecraft) Named entity ZombieEntity['§c[Seviye: 15] §fZombi §7- §a8,0§7/§c48 ❤'/364, l='ServerLevel[Ana dünya]', x=-128.85, y=-63.00, z=-144.43] died: §c[Seviye: 15] §fZombi §7- §a8,0§7/§c48 ❤, §c[Seviye: 1] §fMad Zombie §7- §a23,9§7/§c27 ❤ tarafından katledildi
[19:09:38] [Server thread/INFO] (Minecraft) Named entity ZombieEntity['§c[Seviye: 3] §fZombi §7- §a13,1§7/§c34 ❤'/217, l='ServerLevel[Ana dünya]', x=-129.83, y=-63.00, z=-142.30] died: §c[Seviye: 3] §fZombi §7- §a13,1§7/§c34 ❤, §c[Seviye: 19] §fMad Zombie §7- §a45,0§7/§c50 ❤ tarafından katledildi
[19:09:38] [Server thread/INFO] (Minecraft) Named entity MadSkeletonEntity['§c[Seviye: 34] §fMad Skeleton §7- §a4,3§7/§c56 ❤'/85, l='ServerLevel[Ana dünya]', x=-113.55, y=-63.00, z=-230.54] died: §c[Seviye: 34] §fMad Skeleton §7- §a4,3§7/§c56 ❤ yanarak öldü
[19:09:39] [Server thread/INFO] (Minecraft) Named entity ZombieEntity['§c[Seviye: 5] §fZombi §7- §a1,0§7/§c38 ❤'/225, l='ServerLevel[Ana dünya]', x=-126.87, y=-58.00, z=-144.47] died: §c[Seviye: 5] §fZombi §7- §a1,0§7/§c38 ❤, §c[Seviye: 27] §fMad Zombie §7- §a49,3§7/§c53 ❤ ile savaşırken cayır cayır yandı
[19:09:39] [Server thread/INFO] (Minecraft) Named entity MadSkeletonEntity['§c[Seviye: 10] §fMad Skeleton §7- §a4,0§7/§c44 ❤'/324, l='ServerLevel[Ana dünya]', x=-109.30, y=-63.00, z=-233.30] died: §c[Seviye: 10] §fMad Skeleton §7- §a4,0§7/§c44 ❤ yanarak öldü
[19:09:39] [Server thread/INFO] (Minecraft) Named entity MadSkeletonEntity['§c[Seviye: 36] §fMad Skeleton §7- §a3,1§7/§c56 ❤'/348, l='ServerLevel[Ana dünya]', x=-106.37, y=-60.00, z=-236.07] died: §c[Seviye: 36] §fMad Skeleton §7- §a3,1§7/§c56 ❤ yanarak öldü
[19:09:41] [Server thread/INFO] (Minecraft) Named entity MadSkeletonEntity['§c[Seviye: 24] §fMad Skeleton §7- §a6,2§7/§c52 ❤'/137, l='ServerLevel[Ana dünya]', x=-129.47, y=-58.00, z=-145.63] died: §c[Seviye: 24] §fMad Skeleton §7- §a6,2§7/§c52 ❤ yanarak öldü
[19:09:42] [Server thread/INFO] (Minecraft) Named entity MadSkeletonEntity['§c[Seviye: 28] §fMad Skeleton §7- §a6,7§7/§c54 ❤'/54, l='ServerLevel[Ana dünya]', x=-115.23, y=-63.00, z=-235.14] died: §c[Seviye: 28] §fMad Skeleton §7- §a6,7§7/§c54 ❤ yanarak öldü
[19:09:42] [Server thread/INFO] (Minecraft) Named entity ZombieEntity['§c[Seviye: 12] §fZombi §7- §a4,4§7/§c46 ❤'/388, l='ServerLevel[Ana dünya]', x=-100.28, y=-60.00, z=-211.28] died: §c[Seviye: 12] §fZombi §7- §a4,4§7/§c46 ❤, §c[Seviye: 24] §fMad Zombie §7- §a45,2§7/§c52 ❤ tarafından katledildi
[19:09:42] [Server thread/INFO] (Minecraft) Named entity MadSkeletonEntity['§c[Seviye: 35] §fMad Skeleton §7- §a7,8§7/§c56 ❤'/357, l='ServerLevel[Ana dünya]', x=-107.22, y=-60.00, z=-240.35] died: §c[Seviye: 35] §fMad Skeleton §7- §a7,8§7/§c56 ❤ yanarak öldü
[19:09:44] [Server thread/INFO] (Minecraft) Named entity ZombieEntity['§c[Seviye: 18] §fZombi §7- §a30,6§7/§c49 ❤'/142, l='ServerLevel[Ana dünya]', x=-126.76, y=-58.00, z=-144.24] died: §c[Seviye: 18] §fZombi §7- §a30,6§7/§c49 ❤, §c[Seviye: 19] §fMad Zombie §7- §a42,0§7/§c50 ❤ tarafından katledildi
[19:09:44] [Server thread/INFO] (Minecraft) Named entity MadSkeletonEntity['§c[Seviye: 21] §fMad Skeleton §7- §a9,9§7/§c51 ❤'/214, l='ServerLevel[Ana dünya]', x=-125.23, y=-60.00, z=-244.78] died: §c[Seviye: 21] §fMad Skeleton §7- §a9,9§7/§c51 ❤ yanarak öldü
[19:09:45] [Server thread/INFO] (Minecraft) Named entity MadSkeletonEntity['§c[Seviye: 33] §fMad Skeleton §7- §a11,3§7/§c55 ❤'/349, l='ServerLevel[Ana dünya]', x=-107.85, y=-60.00, z=-234.30] died: §c[Seviye: 33] §fMad Skeleton §7- §a11,3§7/§c55 ❤ yanarak öldü
[19:09:46] [Server thread/INFO] (Minecraft) Named entity MadSkeletonEntity['§c[Seviye: 39] §fMad Skeleton §7- §a11,9§7/§c57 ❤'/358, l='ServerLevel[Ana dünya]', x=-110.81, y=-60.00, z=-244.24] died: §c[Seviye: 39] §fMad Skeleton §7- §a11,9§7/§c57 ❤ yanarak öldü
[19:09:46] [Server thread/INFO] (Minecraft) Named entity MadSkeletonEntity['§c[Seviye: 16] §fMad Skeleton §7- §a9,1§7/§c48 ❤'/84, l='ServerLevel[Ana dünya]', x=-111.64, y=-63.00, z=-227.27] died: §c[Seviye: 16] §fMad Skeleton §7- §a9,1§7/§c48 ❤ yanarak öldü
[19:09:48] [Render thread/INFO] (Minecraft) [System] [CHAT] Player404, [Elmaslar!] gelişimini yaptı
[19:09:48] [Render thread/INFO] (Minecraft) [System] [CHAT] Player404, [Donanım Edin] gelişimini yaptı
[19:09:48] [Render thread/INFO] (Minecraft) [System] [CHAT] Player404, [Kanatlara Kavuş] meydan okumasını tamamladı
[19:09:48] [Render thread/INFO] (Minecraft) [System] [CHAT] Player404, [İstikbal Göklerdedir] hedefine ulaştı
[19:09:48] [Render thread/INFO] (Minecraft) Loaded 118 advancements
[19:09:48] [Server thread/INFO] (Minecraft) Named entity MadSkeletonEntity['§c[Seviye: 34] §fMad Skeleton §7- §a13,6§7/§c56 ❤'/213, l='ServerLevel[Ana dünya]', x=-113.80, y=-60.00, z=-243.85] died: §c[Seviye: 34] §fMad Skeleton §7- §a13,6§7/§c56 ❤ yanarak öldü
[19:09:52] [Server thread/INFO] (Minecraft) Named entity MadSkeletonEntity['§c[Seviye: 7] §fMad Skeleton §7- §a18,8§7/§c41 ❤'/138, l='ServerLevel[Ana dünya]', x=-126.87, y=-60.00, z=-162.65] died: §c[Seviye: 7] §fMad Skeleton §7- §a18,8§7/§c41 ❤ yanarak öldü
[19:09:52] [Server thread/INFO] (Minecraft) Named entity MadSkeletonEntity['§c[Seviye: 33] §fMad Skeleton §7- §a15,4§7/§c55 ❤'/335, l='ServerLevel[Ana dünya]', x=-105.37, y=-60.00, z=-222.28] died: §c[Seviye: 33] §fMad Skeleton §7- §a15,4§7/§c55 ❤ yanarak öldü
[19:09:53] [Server thread/INFO] (Minecraft) Named entity MadSkeletonEntity['§c[Seviye: 8] §fMad Skeleton §7- §a20,0§7/§c42 ❤'/336, l='ServerLevel[Ana dünya]', x=-113.73, y=-60.00, z=-225.39] died: §c[Seviye: 8] §fMad Skeleton §7- §a20,0§7/§c42 ❤ yanarak öldü
[19:09:55] [Server thread/INFO] (Minecraft) Named entity MadSkeletonEntity['§c[Seviye: 32] §fMad Skeleton §7- §a21,0§7/§c55 ❤'/66, l='ServerLevel[Ana dünya]', x=-110.45, y=-63.00, z=-227.50] died: §c[Seviye: 32] §fMad Skeleton §7- §a21,0§7/§c55 ❤ yanarak öldü
[19:09:55] [Server thread/INFO] (Minecraft) Named entity MadSkeletonEntity['§c[Seviye: 10] §fMad Skeleton §7- §a18,4§7/§c44 ❤'/67, l='ServerLevel[Ana dünya]', x=-109.93, y=-63.00, z=-228.18] died: §c[Seviye: 10] §fMad Skeleton §7- §a18,4§7/§c44 ❤ yanarak öldü
[19:09:56] [Server thread/INFO] (Minecraft) Named entity MadSkeletonEntity['§c[Seviye: 30] §fMad Skeleton §7- §a20,3§7/§c54 ❤'/347, l='ServerLevel[Ana dünya]', x=-102.20, y=-60.00, z=-229.80] died: §c[Seviye: 30] §fMad Skeleton §7- §a20,3§7/§c54 ❤ yanarak öldü
[19:09:57] [Server thread/INFO] (Minecraft) Named entity MadZombieEntity['§c[Seviye: 1] §fMad Zombie §7- §a23,9§7/§c27 ❤'/208, l='ServerLevel[Ana dünya]', x=-125.13, y=-60.00, z=-143.89] died: §c[Seviye: 1] §fMad Zombie §7- §a23,9§7/§c27 ❤ yanarak öldü
[19:09:57] [Server thread/INFO] (Minecraft) Named entity MadZombieEntity['§c[Seviye: 17] §fMad Zombie §7- §a12,1§7/§c49 ❤'/268, l='ServerLevel[Ana dünya]', x=-116.66, y=-60.00, z=-141.50] died: §c[Seviye: 17] §fMad Zombie §7- §a12,1§7/§c49 ❤ yanarak öldü
[19:09:58] [Server thread/INFO] (Minecraft) Named entity MadSkeletonEntity['§c[Seviye: 19] §fMad Skeleton §7- §a16,0§7/§c50 ❤'/136, l='ServerLevel[Ana dünya]', x=-127.57, y=-63.00, z=-154.15] died: §c[Seviye: 19] §fMad Skeleton §7- §a16,0§7/§c50 ❤ yanarak öldü
[19:09:58] [Server thread/INFO] (Minecraft) Named entity MadZombieEntity['§c[Seviye: 26] §fMad Zombie §7- §a24,0§7/§c53 ❤'/209, l='ServerLevel[Ana dünya]', x=-135.24, y=-60.00, z=-138.92] died: §c[Seviye: 26] §fMad Zombie §7- §a24,0§7/§c53 ❤ yanarak öldü
[19:09:59] [Server thread/INFO] (Minecraft) Named entity MadSkeletonEntity['§c[Seviye: 32] §fMad Skeleton §7- §a27,0§7/§c55 ❤'/72, l='ServerLevel[Ana dünya]', x=-111.78, y=-60.00, z=-223.95] died: §c[Seviye: 32] §fMad Skeleton §7- §a27,0§7/§c55 ❤ yanarak öldü
[19:10:00] [Server thread/INFO] (Minecraft) Named entity MadSkeletonEntity['§c[Seviye: 23] §fMad Skeleton §7- §a27,8§7/§c52 ❤'/121, l='ServerLevel[Ana dünya]', x=-132.86, y=-60.00, z=-145.79] died: §c[Seviye: 23] §fMad Skeleton §7- §a27,8§7/§c52 ❤ yanarak öldü
[19:10:01] [Server thread/INFO] (Minecraft) Named entity MadZombieEntity['§c[Seviye: 29] §fMad Zombie §7- §a26,0§7/§c54 ❤'/83, l='ServerLevel[Ana dünya]', x=-117.70, y=-63.00, z=-230.77] died: §c[Seviye: 29] §fMad Zombie §7- §a26,0§7/§c54 ❤ yanarak öldü
[19:10:01] [Server thread/INFO] (Minecraft) Named entity MadSkeletonEntity['§c[Seviye: 34] §fMad Skeleton §7- §a28,6§7/§c56 ❤'/74, l='ServerLevel[Ana dünya]', x=-115.57, y=-63.00, z=-229.38] died: §c[Seviye: 34] §fMad Skeleton §7- §a28,6§7/§c56 ❤ yanarak öldü
[19:10:02] [Server thread/INFO] (Minecraft) Named entity MadSkeletonEntity['§c[Seviye: 32] §fMad Skeleton §7- §a30,0§7/§c55 ❤'/75, l='ServerLevel[Ana dünya]', x=-120.77, y=-60.00, z=-236.15] died: §c[Seviye: 32] §fMad Skeleton §7- §a30,0§7/§c55 ❤ yanarak öldü
[19:10:02] [Server thread/INFO] (Minecraft) Named entity MadZombieEntity['§c[Seviye: 30] §fMad Zombie §7- §a28,3§7/§c54 ❤'/215, l='ServerLevel[Ana dünya]', x=-135.29, y=-60.00, z=-263.29] died: §c[Seviye: 30] §fMad Zombie §7- §a28,3§7/§c54 ❤ yanarak öldü
[19:10:05] [Server thread/INFO] (Minecraft) Named entity MadSkeletonEntity['§c[Seviye: 2] §fMad Skeleton §7- §a1,0§7/§c31 ❤'/274, l='ServerLevel[Ana dünya]', x=-112.15, y=-63.00, z=-231.45] died: §c[Seviye: 2] §fMad Skeleton §7- §a1,0§7/§c31 ❤ yanarak öldü
[19:10:06] [Server thread/INFO] (Minecraft) Named entity MadSkeletonEntity['§c[Seviye: 3] §fMad Skeleton §7- §a0,9§7/§c34 ❤'/377, l='ServerLevel[Ana dünya]', x=-109.12, y=-63.00, z=-229.88] died: §c[Seviye: 3] §fMad Skeleton §7- §a0,9§7/§c34 ❤ yanarak öldü
[19:10:07] [Server thread/INFO] (Minecraft) Named entity MadSkeletonEntity['§c[Seviye: 11] §fMad Skeleton §7- §a26,4§7/§c45 ❤'/264, l='ServerLevel[Ana dünya]', x=-113.76, y=-60.00, z=-146.19] died: §c[Seviye: 11] §fMad Skeleton §7- §a26,4§7/§c45 ❤ yanarak öldü
[19:10:07] [Server thread/INFO] (Minecraft) Named entity MadSkeletonEntity['§c[Seviye: 5] §fMad Skeleton §7- §a15,2§7/§c38 ❤'/55, l='ServerLevel[Ana dünya]', x=-120.68, y=-62.00, z=-226.36] died: §c[Seviye: 5] §fMad Skeleton §7- §a15,2§7/§c38 ❤ yanarak öldü
[19:10:08] [Server thread/INFO] (Minecraft) Named entity MadZombieEntity['§c[Seviye: 40] §fMad Zombie §7- §a0,5§7/§c57 ❤'/281, l='ServerLevel[Ana dünya]', x=-112.64, y=-63.00, z=-227.14] died: §c[Seviye: 40] §fMad Zombie §7- §a0,5§7/§c57 ❤ yanarak öldü
[19:10:08] [Server thread/INFO] (Minecraft) Named entity MadSkeletonEntity['§c[Seviye: 25] §fMad Skeleton §7- §a32,6§7/§c53 ❤'/199, l='ServerLevel[Ana dünya]', x=-126.42, y=-62.00, z=-141.85] died: §c[Seviye: 25] §fMad Skeleton §7- §a32,6§7/§c53 ❤ yanarak öldü
[19:10:10] [Server thread/INFO] (Minecraft) Named entity MadZombieEntity['§c[Seviye: 37] §fMad Zombie §7- §a37,2§7/§c56 ❤'/139, l='ServerLevel[Ana dünya]', x=-133.24, y=-60.00, z=-151.23] died: §c[Seviye: 37] §fMad Zombie §7- §a37,2§7/§c56 ❤ yanarak öldü
[19:10:10] [Server thread/INFO] (Minecraft) Named entity MadZombieEntity['§c[Seviye: 7] §fMad Zombie §7- §a37,8§7/§c41 ❤'/143, l='ServerLevel[Ana dünya]', x=-132.24, y=-60.00, z=-139.24] died: §c[Seviye: 7] §fMad Zombie §7- §a37,8§7/§c41 ❤ yanarak öldü
[19:10:10] [Server thread/INFO] (Minecraft) Named entity MadZombieEntity['§c[Seviye: 4] §fMad Zombie §7- §a0,1§7/§c36 ❤'/363, l='ServerLevel[Ana dünya]', x=-131.31, y=-63.00, z=-150.24] died: §c[Seviye: 4] §fMad Zombie §7- §a0,1§7/§c36 ❤ yanarak öldü
[19:10:10] [Server thread/INFO] (Minecraft) Named entity MadSkeletonEntity['§c[Seviye: 33] §fMad Skeleton §7- §a35,3§7/§c55 ❤'/197, l='ServerLevel[Ana dünya]', x=-121.80, y=-63.00, z=-147.60] died: §c[Seviye: 33] §fMad Skeleton §7- §a35,3§7/§c55 ❤ yanarak öldü
[19:10:11] [Server thread/INFO] (Minecraft) Named entity MadSkeletonEntity['§c[Seviye: 10] §fMad Skeleton §7- §a31,2§7/§c44 ❤'/269, l='ServerLevel[Ana dünya]', x=-110.84, y=-60.00, z=-144.21] died: §c[Seviye: 10] §fMad Skeleton §7- §a31,2§7/§c44 ❤ yanarak öldü
[19:10:11] [Server thread/INFO] (Minecraft) Named entity MadSkeletonEntity['§c[Seviye: 3] §fMad Skeleton §7- §a0,9§7/§c34 ❤'/365, l='ServerLevel[Ana dünya]', x=-126.17, y=-58.00, z=-144.75] died: §c[Seviye: 3] §fMad Skeleton §7- §a0,9§7/§c34 ❤ yanarak öldü
[19:10:11] [Server thread/INFO] (Minecraft) Named entity ZombieEntity['§c[Seviye: 2] §fZombi §7- §a10,6§7/§c31 ❤'/1272, l='ServerLevel[Ana dünya]', x=-198.08, y=-60.00, z=-214.72] died: §c[Seviye: 2] §fZombi §7- §a10,6§7/§c31 ❤, §c[Seviye: 19] §fMad Zombie §7- §a40,1§7/§c50 ❤ tarafından katledildi
[19:10:12] [Server thread/INFO] (Minecraft) Named entity MadSkeletonEntity['§c[Seviye: 8] §fMad Skeleton §7- §a1,0§7/§c42 ❤'/293, l='ServerLevel[Ana dünya]', x=-109.85, y=-63.00, z=-230.23] died: §c[Seviye: 8] §fMad Skeleton §7- §a1,0§7/§c42 ❤ yanarak öldü
[19:10:13] [Server thread/INFO] (Minecraft) Named entity MadSkeletonEntity['§c[Seviye: 6] §fMad Skeleton §7- §a0,5§7/§c39 ❤'/384, l='ServerLevel[Ana dünya]', x=-106.82, y=-60.00, z=-237.10] died: §c[Seviye: 6] §fMad Skeleton §7- §a0,5§7/§c39 ❤ yanarak öldü
[19:10:13] [Server thread/INFO] (Minecraft) Named entity MadZombieEntity['§c[Seviye: 8] §fMad Zombie §7- §a1,0§7/§c42 ❤'/296, l='ServerLevel[Ana dünya]', x=-102.73, y=-60.00, z=-216.36] died: §c[Seviye: 8] §fMad Zombie §7- §a1,0§7/§c42 ❤ yanarak öldü
[19:10:13] [Server thread/INFO] (Minecraft) Named entity MadZombieEntity['§c[Seviye: 7] §fMad Zombie §7- §a0,8§7/§c41 ❤'/222, l='ServerLevel[Ana dünya]', x=-131.31, y=-60.00, z=-133.67] died: §c[Seviye: 7] §fMad Zombie §7- §a0,8§7/§c41 ❤ yanarak öldü
[19:10:14] [Server thread/INFO] (Minecraft) Named entity MadZombieEntity['§c[Seviye: 19] §fMad Zombie §7- §a2,4§7/§c50 ❤'/1270, l='ServerLevel[Ana dünya]', x=-200.95, y=-60.00, z=-214.17] died: §c[Seviye: 19] §fMad Zombie §7- §a2,4§7/§c50 ❤ düşürüldü
[19:10:17] [Server thread/INFO] (Minecraft) Named entity MadSkeletonEntity['§c[Seviye: 31] §fMad Skeleton §7- §a42,7§7/§c55 ❤'/122, l='ServerLevel[Ana dünya]', x=-127.56, y=-60.00, z=-137.50] died: §c[Seviye: 31] §fMad Skeleton §7- §a42,7§7/§c55 ❤ yanarak öldü
[19:10:17] [Server thread/INFO] (Minecraft) Named entity MadSkeletonEntity['§c[Seviye: 14] §fMad Skeleton §7- §a35,9§7/§c47 ❤'/141, l='ServerLevel[Ana dünya]', x=-126.04, y=-58.00, z=-147.33] died: §c[Seviye: 14] §fMad Skeleton §7- §a35,9§7/§c47 ❤ yanarak öldü
[19:10:22] [Server thread/INFO] (Minecraft) Named entity MadSkeletonEntity['§c[Seviye: 35] §fMad Skeleton §7- §a50,8§7/§c56 ❤'/196, l='ServerLevel[Ana dünya]', x=-130.21, y=-60.00, z=-137.52] died: §c[Seviye: 35] §fMad Skeleton §7- §a50,8§7/§c56 ❤ yanarak öldü
[19:10:23] [Server thread/INFO] (Minecraft) Named entity MadZombieEntity['§c[Seviye: 24] §fMad Zombie §7- §a0,2§7/§c52 ❤'/383, l='ServerLevel[Ana dünya]', x=-126.74, y=-60.00, z=-236.78] died: §c[Seviye: 24] §fMad Zombie §7- §a0,2§7/§c52 ❤ yanarak öldü
[19:10:24] [Server thread/INFO] (Minecraft) Named entity MadSkeletonEntity['§c[Seviye: 26] §fMad Skeleton §7- §a1,0§7/§c53 ❤'/370, l='ServerLevel[Ana dünya]', x=-118.43, y=-60.00, z=-139.05] died: §c[Seviye: 26] §fMad Skeleton §7- §a1,0§7/§c53 ❤ yanarak öldü
[19:10:24] [Server thread/INFO] (Minecraft) Named entity MadSkeletonEntity['§c[Seviye: 35] §fMad Skeleton §7- §a0,8§7/§c56 ❤'/371, l='ServerLevel[Ana dünya]', x=-120.25, y=-60.00, z=-125.80] died: §c[Seviye: 35] §fMad Skeleton §7- §a0,8§7/§c56 ❤ yanarak öldü
[19:10:24] [Server thread/INFO] (Minecraft) Named entity MadZombieEntity['§c[Seviye: 15] §fMad Zombie §7- §a0,2§7/§c48 ❤'/367, l='ServerLevel[Ana dünya]', x=-122.90, y=-60.00, z=-141.83] died: §c[Seviye: 15] §fMad Zombie §7- §a0,2§7/§c48 ❤ yanarak öldü
[19:10:24] [Server thread/INFO] (Minecraft) Named entity MadZombieEntity['§c[Seviye: 34] §fMad Zombie §7- §a0,6§7/§c56 ❤'/300, l='ServerLevel[Ana dünya]', x=-113.74, y=-63.00, z=-230.26] died: §c[Seviye: 34] §fMad Zombie §7- §a0,6§7/§c56 ❤ yanarak öldü
[19:10:25] [Server thread/INFO] (Minecraft) Named entity MadZombieEntity['§c[Seviye: 27] §fMad Zombie §7- §a0,3§7/§c53 ❤'/220, l='ServerLevel[Ana dünya]', x=-113.45, y=-60.00, z=-131.59] died: §c[Seviye: 27] §fMad Zombie §7- §a0,3§7/§c53 ❤ yanarak öldü
[19:10:25] [Server thread/INFO] (Minecraft) Named entity MadSkeletonEntity['§c[Seviye: 35] §fMad Skeleton §7- §a0,8§7/§c56 ❤'/287, l='ServerLevel[Ana dünya]', x=-98.00, y=-60.00, z=-220.88] died: §c[Seviye: 35] §fMad Skeleton §7- §a0,8§7/§c56 ❤ yanarak öldü
[19:10:25] [Server thread/INFO] (Minecraft) Named entity MadZombieEntity['§c[Seviye: 35] §fMad Zombie §7- §a50,8§7/§c56 ❤'/271, l='ServerLevel[Ana dünya]', x=-137.71, y=-60.00, z=-144.72] died: §c[Seviye: 35] §fMad Zombie §7- §a50,8§7/§c56 ❤ yanarak öldü
[19:10:25] [Server thread/INFO] (Minecraft) Saving and pausing game...
[19:10:25] [Server thread/INFO] (Minecraft) Saving chunks for level 'ServerLevel[Ana dünya]'/minecraft:overworld
[19:10:26] [Server thread/INFO] (Minecraft) Saving chunks for level 'ServerLevel[Ana dünya]'/minecraft:the_end
[19:10:26] [Server thread/INFO] (Minecraft) Saving chunks for level 'ServerLevel[Ana dünya]'/minecraft:the_nether
[19:21:58] [Server thread/INFO] (Minecraft) Named entity MadZombieEntity['§c[Seviye: 31] §fMad Zombie §7- §a0,7§7/§c55 ❤'/288, l='ServerLevel[Ana dünya]', x=-94.51, y=-60.00, z=-211.93] died: §c[Seviye: 31] §fMad Zombie §7- §a0,7§7/§c55 ❤ yanarak öldü
[19:21:58] [Server thread/INFO] (Minecraft) Named entity MadSkeletonEntity['§c[Seviye: 30] §fMad Skeleton §7- §a0,3§7/§c54 ❤'/295, l='ServerLevel[Ana dünya]', x=-123.72, y=-60.00, z=-242.13] died: §c[Seviye: 30] §fMad Skeleton §7- §a0,3§7/§c54 ❤ yanarak öldü
[19:21:58] [Server thread/INFO] (Minecraft) Named entity MadSkeletonEntity['§c[Seviye: 31] §fMad Skeleton §7- §a0,7§7/§c55 ❤'/294, l='ServerLevel[Ana dünya]', x=-113.26, y=-63.00, z=-231.83] died: §c[Seviye: 31] §fMad Skeleton §7- §a0,7§7/§c55 ❤ yanarak öldü
[19:21:58] [Server thread/INFO] (Minecraft) Named entity MadSkeletonEntity['§c[Seviye: 20] §fMad Skeleton §7- §a0,4§7/§c50 ❤'/380, l='ServerLevel[Ana dünya]', x=-119.51, y=-60.00, z=-233.52] died: §c[Seviye: 20] §fMad Skeleton §7- §a0,4§7/§c50 ❤ yanarak öldü
[19:21:58] [Server thread/INFO] (Minecraft) Named entity MadSkeletonEntity['§c[Seviye: 37] §fMad Skeleton §7- §a0,4§7/§c56 ❤'/292, l='ServerLevel[Ana dünya]', x=-114.79, y=-63.00, z=-229.85] died: §c[Seviye: 37] §fMad Skeleton §7- §a0,4§7/§c56 ❤ yanarak öldü
[19:21:58] [Server thread/INFO] (Minecraft) Named entity MadSkeletonEntity['§c[Seviye: 29] §fMad Skeleton §7- §a0,0§7/§c54 ❤'/224, l='ServerLevel[Ana dünya]', x=-128.20, y=-60.00, z=-138.60] died: §c[Seviye: 29] §fMad Skeleton §7- §a0,0§7/§c54 ❤ yanarak öldü
[19:21:59] [Server thread/INFO] (Minecraft) Named entity MadZombieEntity['§c[Seviye: 38] §fMad Zombie §7- §a0,6§7/§c57 ❤'/362, l='ServerLevel[Ana dünya]', x=-122.64, y=-60.00, z=-137.36] died: §c[Seviye: 38] §fMad Zombie §7- §a0,6§7/§c57 ❤ yanarak öldü
[19:21:59] [Server thread/INFO] (Minecraft) Named entity MadZombieEntity['§c[Seviye: 26] §fMad Zombie §7- §a1,0§7/§c53 ❤'/275, l='ServerLevel[Ana dünya]', x=-120.47, y=-60.00, z=-231.50] died: §c[Seviye: 26] §fMad Zombie §7- §a1,0§7/§c53 ❤ yanarak öldü
[19:21:59] [Server thread/INFO] (Minecraft) Named entity MadSkeletonEntity['§c[Seviye: 38] §fMad Skeleton §7- §a0,6§7/§c57 ❤'/223, l='ServerLevel[Ana dünya]', x=-127.30, y=-63.00, z=-139.30] died: §c[Seviye: 38] §fMad Skeleton §7- §a0,6§7/§c57 ❤ yanarak öldü
[19:21:59] [Server thread/INFO] (Minecraft) Named entity MadSkeletonEntity['§c[Seviye: 30] §fMad Skeleton §7- §a0,3§7/§c54 ❤'/301, l='ServerLevel[Ana dünya]', x=-124.78, y=-60.00, z=-229.87] died: §c[Seviye: 30] §fMad Skeleton §7- §a0,3§7/§c54 ❤ yanarak öldü
[19:21:59] [Server thread/INFO] (Minecraft) Named entity MadZombieEntity['§c[Seviye: 26] §fMad Zombie §7- §a1,0§7/§c53 ❤'/279, l='ServerLevel[Ana dünya]', x=-98.00, y=-60.00, z=-231.49] died: §c[Seviye: 26] §fMad Zombie §7- §a1,0§7/§c53 ❤ yanarak öldü
[19:22:00] [Server thread/INFO] (Minecraft) Named entity MadZombieEntity['§c[Seviye: 27] §fMad Zombie §7- §a0,3§7/§c53 ❤'/302, l='ServerLevel[Ana dünya]', x=-120.00, y=-60.00, z=-238.45] died: §c[Seviye: 27] §fMad Zombie §7- §a0,3§7/§c53 ❤ yanarak öldü
[19:22:00] [Server thread/INFO] (Minecraft) Named entity MadZombieEntity['§c[Seviye: 13] §fMad Zombie §7- §a1,6§7/§c46 ❤'/284, l='ServerLevel[Ana dünya]', x=-112.32, y=-63.00, z=-237.68] died: §c[Seviye: 13] §fMad Zombie §7- §a1,6§7/§c46 ❤, §c[Seviye: 14] §fZombi §7- §a23,7§7/§c47 ❤ tarafından katledildi
[19:22:00] [Server thread/INFO] (Minecraft) Named entity MadZombieEntity['§c[Seviye: 27] §fMad Zombie §7- §a0,3§7/§c53 ❤'/298, l='ServerLevel[Ana dünya]', x=-106.92, y=-60.00, z=-215.35] died: §c[Seviye: 27] §fMad Zombie §7- §a0,3§7/§c53 ❤ yanarak öldü
[19:22:00] [Server thread/INFO] (Minecraft) Named entity ZombieEntity['§c[Seviye: 6] §fZombi §7- §a37,5§7/§c39 ❤'/1438, l='ServerLevel[Ana dünya]', x=-127.50, y=-63.00, z=-143.50] died: §c[Seviye: 6] §fZombi §7- §a37,5§7/§c39 ❤, §c[Seviye: 31] §fMad Zombie §7- §a320,0§7/§c320 ❤ tarafından katledildi
[19:22:00] [Server thread/INFO] (Minecraft) Named entity MadZombieEntity['§c[Seviye: 38] §fMad Zombie §7- §a0,6§7/§c57 ❤'/280, l='ServerLevel[Ana dünya]', x=-103.36, y=-60.00, z=-227.36] died: §c[Seviye: 38] §fMad Zombie §7- §a0,6§7/§c57 ❤ yanarak öldü
[19:22:00] [Server thread/INFO] (Minecraft) Named entity MadZombieEntity['§c[Seviye: 34] §fMad Zombie §7- §a0,6§7/§c56 ❤'/299, l='ServerLevel[Ana dünya]', x=-117.49, y=-60.00, z=-218.76] died: §c[Seviye: 34] §fMad Zombie §7- §a0,6§7/§c56 ❤ yanarak öldü
[19:22:00] [Server thread/INFO] (Minecraft) Named entity ZombieEntity['§c[Seviye: 9] §fZombi §7- §a14,7§7/§c43 ❤'/1427, l='ServerLevel[Ana dünya]', x=-114.78, y=-63.00, z=-235.51] died: §c[Seviye: 9] §fZombi §7- §a14,7§7/§c43 ❤, §c[Seviye: 7] §fMad Zombie §7- §a28,0§7/§c30 ❤ tarafından katledildi
[19:22:00] [Server thread/INFO] (Minecraft) Named entity MadSkeletonEntity['§c[Seviye: 13] §fMad Skeleton §7- §a0,8§7/§c46 ❤'/218, l='ServerLevel[Ana dünya]', x=-118.82, y=-60.00, z=-144.23] died: §c[Seviye: 13] §fMad Skeleton §7- §a0,8§7/§c46 ❤ yanarak öldü
[19:22:01] [Server thread/INFO] (Minecraft) Named entity MadSkeletonEntity['§c[Seviye: 11] §fMad Skeleton §7- §a0,0§7/§c45 ❤'/386, l='ServerLevel[Ana dünya]', x=-116.54, y=-63.00, z=-233.91] died: §c[Seviye: 11] §fMad Skeleton §7- §a0,0§7/§c45 ❤ yanarak öldü
[19:22:02] [Server thread/INFO] (Minecraft) Named entity MadZombieEntity['§c[Seviye: 36] §fMad Zombie §7- §a0,1§7/§c56 ❤'/291, l='ServerLevel[Ana dünya]', x=-114.88, y=-63.00, z=-233.37] died: §c[Seviye: 36] §fMad Zombie §7- §a0,1§7/§c56 ❤ yanarak öldü
[19:22:02] [Server thread/INFO] (Minecraft) Named entity ZombieEntity['§c[Seviye: 12] §fZombi §7- §a13,2§7/§c46 ❤'/1437, l='ServerLevel[Ana dünya]', x=-130.45, y=-63.00, z=-143.30] died: §c[Seviye: 12] §fZombi §7- §a13,2§7/§c46 ❤, §c[Seviye: 31] §fMad Zombie §7- §a320,0§7/§c320 ❤ tarafından katledildi
[19:22:02] [Server thread/INFO] (Minecraft) Named entity MadZombieEntity['§c[Seviye: 13] §fMad Zombie §7- §a0,8§7/§c46 ❤'/389, l='ServerLevel[Ana dünya]', x=-93.62, y=-60.00, z=-220.62] died: §c[Seviye: 13] §fMad Zombie §7- §a0,8§7/§c46 ❤ yanarak öldü
[19:22:02] [Server thread/INFO] (Minecraft) Named entity MadSkeletonEntity['§c[Seviye: 37] §fMad Skeleton §7- §a0,4§7/§c56 ❤'/273, l='ServerLevel[Ana dünya]', x=-96.83, y=-60.00, z=-234.83] died: §c[Seviye: 37] §fMad Skeleton §7- §a0,4§7/§c56 ❤ yanarak öldü
[19:22:03] [Server thread/INFO] (Minecraft) Named entity MadSkeletonEntity['§c[Seviye: 17] §fMad Skeleton §7- §a37,9§7/§c49 ❤'/205, l='ServerLevel[Ana dünya]', x=-125.04, y=-58.00, z=-145.72] died: §c[Seviye: 17] §fMad Skeleton §7- §a37,9§7/§c49 ❤ yanarak öldü
[19:22:03] [Server thread/INFO] (Minecraft) Named entity ZombieEntity['§c[Seviye: 1] §fZombi §7- §a6,2§7/§c27 ❤'/1428, l='ServerLevel[Ana dünya]', x=-114.30, y=-63.00, z=-234.06] died: §c[Seviye: 1] §fZombi §7- §a6,2§7/§c27 ❤, §c[Seviye: 36] §fMad Zombie §7- §a32,0§7/§c34 ❤ tarafından katledildi
[19:22:03] [Server thread/INFO] (Minecraft) Named entity ZombieEntity['§c[Seviye: 14] §fZombi §7- §a8,8§7/§c47 ❤'/1429, l='ServerLevel[Ana dünya]', x=-111.68, y=-63.00, z=-235.95] died: §c[Seviye: 14] §fZombi §7- §a8,8§7/§c47 ❤, §c[Seviye: 26] §fMad Zombie §7- §a5,8§7/§c53 ❤ tarafından katledildi
[19:22:04] [Server thread/INFO] (Minecraft) Named entity MadSkeletonEntity['§c[Seviye: 13] §fMad Skeleton §7- §a0,8§7/§c46 ❤'/385, l='ServerLevel[Ana dünya]', x=-113.07, y=-63.00, z=-237.60] died: §c[Seviye: 13] §fMad Skeleton §7- §a0,8§7/§c46 ❤ yanarak öldü
[19:22:04] [Server thread/INFO] (Minecraft) Named entity MadZombieEntity['§c[Seviye: 8] §fMad Zombie §7- §a5,2§7/§c42 ❤'/1425, l='ServerLevel[Ana dünya]', x=-113.34, y=-63.00, z=-231.83] died: §c[Seviye: 8] §fMad Zombie §7- §a5,2§7/§c42 ❤, §c[Seviye: 15] §fZombi §7- §a29,5§7/§c48 ❤ tarafından katledildi
[19:22:05] [Server thread/INFO] (Minecraft) Named entity MadZombieEntity['§c[Seviye: 37] §fMad Zombie §7- §a19,0§7/§c56 ❤'/1434, l='ServerLevel[Ana dünya]', x=-130.70, y=-63.00, z=-140.15] died: §c[Seviye: 37] §fMad Zombie §7- §a19,0§7/§c56 ❤, §c[Seviye: 19] §fMad Zombie §7- §a11,0§7/§c50 ❤ tarafından katledildi
[19:22:05] [Server thread/INFO] (Minecraft) Named entity ZombieEntity['§c[Seviye: 11] §fZombi §7- §a7,3§7/§c45 ❤'/1452, l='ServerLevel[Ana dünya]', x=-114.38, y=-63.00, z=-230.44] died: §c[Seviye: 11] §fZombi §7- §a7,3§7/§c45 ❤, §c[Seviye: 7] §fMad Zombie §7- §a28,0§7/§c30 ❤ tarafından katledildi
[19:22:05] [Server thread/INFO] (Minecraft) Named entity ZombieEntity['§c[Seviye: 20] §fZombi §7- §a5,8§7/§c50 ❤'/1474, l='ServerLevel[Ana dünya]', x=-106.68, y=-63.00, z=-232.70] died: §c[Seviye: 20] §fZombi §7- §a5,8§7/§c50 ❤, §c[Seviye: 12] §fMad Zombie §7- §a43,2§7/§c46 ❤ tarafından katledildi
[19:22:05] [Server thread/INFO] (Minecraft) Named entity MadZombieEntity['§c[Seviye: 1] §fMad Zombie §7- §a0,9§7/§c27 ❤'/216, l='ServerLevel[Ana dünya]', x=-130.06, y=-63.00, z=-143.87] died: §c[Seviye: 1] §fMad Zombie §7- §a0,9§7/§c27 ❤ yanarak öldü
[19:22:05] [Server thread/INFO] (Minecraft) Named entity MadZombieEntity['§c[Seviye: 26] §fMad Zombie §7- §a3,8§7/§c53 ❤'/381, l='ServerLevel[Ana dünya]', x=-110.21, y=-63.00, z=-232.49] died: §c[Seviye: 26] §fMad Zombie §7- §a3,8§7/§c53 ❤, §c[Seviye: 15] §fZombi §7- §a30,2§7/§c48 ❤ tarafından katledildi
[19:22:05] [Server thread/INFO] (Minecraft) Named entity MadZombieEntity['§c[Seviye: 12] §fMad Zombie §7- §a5,9§7/§c46 ❤'/1451, l='ServerLevel[Ana dünya]', x=-117.63, y=-63.00, z=-232.49] died: §c[Seviye: 12] §fMad Zombie §7- §a5,9§7/§c46 ❤, §c[Seviye: 15] §fZombi §7- §a42,7§7/§c48 ❤ tarafından katledildi
[19:22:06] [Server thread/INFO] (Minecraft) Named entity MadZombieEntity['§c[Seviye: 17] §fMad Zombie §7- §a11,9§7/§c49 ❤'/290, l='ServerLevel[Ana dünya]', x=-116.79, y=-63.00, z=-232.25] died: §c[Seviye: 17] §fMad Zombie §7- §a11,9§7/§c49 ❤, §c[Seviye: 15] §fZombi §7- §a7,2§7/§c48 ❤ tarafından katledildi
[19:22:06] [Server thread/INFO] (Minecraft) Named entity ZombieEntity['§c[Seviye: 15] §fZombi §7- §a14,0§7/§c48 ❤'/1472, l='ServerLevel[Ana dünya]', x=-113.09, y=-63.00, z=-234.12] died: §c[Seviye: 15] §fZombi §7- §a14,0§7/§c48 ❤, §c[Seviye: 28] §fMad Zombie §7- §a28,5§7/§c54 ❤ tarafından katledildi
[19:22:06] [Server thread/INFO] (Minecraft) Named entity ZombieEntity['§c[Seviye: 15] §fZombi §7- §a4,9§7/§c48 ❤'/1448, l='ServerLevel[Ana dünya]', x=-117.91, y=-62.00, z=-232.56] died: §c[Seviye: 15] §fZombi §7- §a4,9§7/§c48 ❤, §c[Seviye: 7] §fMad Zombie §7- §a28,0§7/§c30 ❤ tarafından katledildi
[19:22:07] [Server thread/INFO] (Minecraft) Named entity ZombieEntity['§c[Seviye: 13] §fZombi §7- §a13,3§7/§c46 ❤'/1450, l='ServerLevel[Ana dünya]', x=-109.28, y=-63.00, z=-226.54] died: §c[Seviye: 13] §fZombi §7- §a13,3§7/§c46 ❤, §c[Seviye: 36] §fMad Zombie §7- §a22,4§7/§c34 ❤ tarafından katledildi
[19:22:07] [Server thread/INFO] (Minecraft) Named entity MadSkeletonEntity['§c[Seviye: 3] §fMad Skeleton §7- §a0,7§7/§c34 ❤'/1271, l='ServerLevel[Ana dünya]', x=-203.26, y=-60.00, z=-207.77] died: §c[Seviye: 3] §fMad Skeleton §7- §a0,7§7/§c34 ❤ yanarak öldü
[19:22:07] [Server thread/INFO] (Minecraft) Named entity ZombieEntity['§c[Seviye: 15] §fZombi §7- §a14,3§7/§c48 ❤'/1453, l='ServerLevel[Ana dünya]', x=-109.90, y=-63.00, z=-228.91] died: §c[Seviye: 15] §fZombi §7- §a14,3§7/§c48 ❤, §c[Seviye: 30] §fMad Zombie §7- §a11,2§7/§c54 ❤ tarafından katledildi
[19:22:08] [Server thread/INFO] (Minecraft) Named entity ZombieEntity['§c[Seviye: 12] §fZombi §7- §a3,5§7/§c46 ❤'/1471, l='ServerLevel[Ana dünya]', x=-112.07, y=-63.00, z=-231.20] died: §c[Seviye: 12] §fZombi §7- §a3,5§7/§c46 ❤, §c[Seviye: 7] §fMad Zombie §7- §a28,0§7/§c30 ❤ tarafından katledildi
[19:22:14] [Server thread/INFO] (Minecraft) Named entity MadSkeletonEntity['§c[Seviye: 15] §fMad Skeleton §7- §a0,7§7/§c48 ❤'/366, l='ServerLevel[Ana dünya]', x=-127.04, y=-58.00, z=-149.03] died: §c[Seviye: 15] §fMad Skeleton §7- §a0,7§7/§c48 ❤ yanarak öldü
[19:22:14] [Server thread/INFO] (Minecraft) Named entity ZombieEntity['§c[Seviye: 3] §fZombi §7- §a25,0§7/§c25 ❤'/1527, l='ServerLevel[Ana dünya]', x=-127.50, y=-61.56, z=-143.50] died: §c[Seviye: 3] §fZombi §7- §a25,0§7/§c25 ❤, §c[Seviye: 31] §fMad Zombie §7- §a320,0§7/§c320 ❤ tarafından katledildi
[19:22:15] [Server thread/INFO] (Minecraft) Named entity ZombieEntity['§c[Seviye: 15] §fZombi §7- §a28,3§7/§c48 ❤'/1525, l='ServerLevel[Ana dünya]', x=-123.30, y=-62.42, z=-145.50] died: §c[Seviye: 15] §fZombi §7- §a28,3§7/§c48 ❤, §c[Seviye: 31] §fMad Zombie §7- §a320,0§7/§c320 ❤ tarafından katledildi
[19:22:19] [Server thread/INFO] (Minecraft) Named entity MadSkeletonEntity['§c[Seviye: 19] §fMad Skeleton §7- §a1,0§7/§c50 ❤'/283, l='ServerLevel[Ana dünya]', x=-115.83, y=-60.00, z=-211.53] died: §c[Seviye: 19] §fMad Skeleton §7- §a1,0§7/§c50 ❤ yanarak öldü
[19:22:19] [Server thread/INFO] (Minecraft) Named entity MadZombieEntity['§c[Seviye: 29] §fMad Zombie §7- §a10,7§7/§c54 ❤'/1524, l='ServerLevel[Ana dünya]', x=-123.22, y=-63.00, z=-147.93] died: §c[Seviye: 29] §fMad Zombie §7- §a10,7§7/§c54 ❤, §c[Seviye: 19] §fMad Zombie §7- §a45,0§7/§c50 ❤ tarafından katledildi
[19:22:19] [Server thread/INFO] (Minecraft) Named entity MadZombieEntity['§c[Seviye: 30] §fMad Zombie §7- §a0,2§7/§c54 ❤'/379, l='ServerLevel[Ana dünya]', x=-108.90, y=-63.00, z=-230.51] died: §c[Seviye: 30] §fMad Zombie §7- §a0,2§7/§c54 ❤ yanarak öldü
[19:22:20] [Server thread/INFO] (Minecraft) Named entity MadSkeletonEntity['§c[Seviye: 18] §fMad Skeleton §7- §a0,4§7/§c49 ❤'/369, l='ServerLevel[Ana dünya]', x=-141.17, y=-60.00, z=-135.79] died: §c[Seviye: 18] §fMad Skeleton §7- §a0,4§7/§c49 ❤ yanarak öldü
[19:22:20] [Server thread/INFO] (Minecraft) Named entity MadZombieEntity['§c[Seviye: 19] §fMad Zombie §7- §a45,0§7/§c50 ❤'/210, l='ServerLevel[Ana dünya]', x=-123.44, y=-63.00, z=-147.31] died: §c[Seviye: 19] §fMad Zombie §7- §a45,0§7/§c50 ❤ yanarak öldü
[19:22:20] [Server thread/INFO] (Minecraft) Named entity ZombieEntity['§c[Seviye: 14] §fZombi §7- §a2,7§7/§c47 ❤'/1541, l='ServerLevel[Ana dünya]', x=-115.57, y=-61.00, z=-226.42] died: §c[Seviye: 14] §fZombi §7- §a2,7§7/§c47 ❤, §c[Seviye: 28] §fMad Zombie §7- §a9,0§7/§c54 ❤ tarafından katledildi
[19:22:21] [Server thread/INFO] (Minecraft) Named entity MadSkeletonEntity['§c[Seviye: 17] §fMad Skeleton §7- §a0,9§7/§c49 ❤'/282, l='ServerLevel[Ana dünya]', x=-133.18, y=-60.00, z=-223.82] died: §c[Seviye: 17] §fMad Skeleton §7- §a0,9§7/§c49 ❤ yanarak öldü
[19:22:22] [Server thread/INFO] (Minecraft) Named entity MadZombieEntity['§c[Seviye: 18] §fMad Zombie §7- §a0,4§7/§c49 ❤'/277, l='ServerLevel[Ana dünya]', x=-107.58, y=-60.00, z=-235.04] died: §c[Seviye: 18] §fMad Zombie §7- §a0,4§7/§c49 ❤, §c[Seviye: 13] §fZombi §7- §a14,2§7/§c46 ❤ tarafından katledildi
[19:22:23] [Server thread/INFO] (Minecraft) Named entity MadSkeletonEntity['§c[Seviye: 17] §fMad Skeleton §7- §a0,9§7/§c49 ❤'/285, l='ServerLevel[Ana dünya]', x=-114.74, y=-60.00, z=-204.80] died: §c[Seviye: 17] §fMad Skeleton §7- §a0,9§7/§c49 ❤ yanarak öldü
[19:22:23] [Server thread/INFO] (Minecraft) Named entity MadZombieEntity['§c[Seviye: 19] §fMad Zombie §7- §a1,0§7/§c50 ❤'/219, l='ServerLevel[Ana dünya]', x=-129.58, y=-63.00, z=-144.58] died: §c[Seviye: 19] §fMad Zombie §7- §a1,0§7/§c50 ❤ yanarak öldü
[19:22:24] [Server thread/INFO] (Minecraft) Named entity ZombieEntity['§c[Seviye: 1] §fZombi §7- §a4,1§7/§c27 ❤'/1569, l='ServerLevel[Ana dünya]', x=-109.96, y=-63.00, z=-231.70] died: §c[Seviye: 1] §fZombi §7- §a4,1§7/§c27 ❤, §c[Seviye: 37] §fMad Zombie §7- §a50,1§7/§c56 ❤ tarafından katledildi
[19:22:26] [Server thread/INFO] (Minecraft) Named entity ZombieEntity['§c[Seviye: 15] §fZombi §7- §a4,2§7/§c34 ❤'/1548, l='ServerLevel[Ana dünya]', x=-111.30, y=-62.69, z=-238.70] died: §c[Seviye: 15] §fZombi §7- §a4,2§7/§c34 ❤, §c[Seviye: 7] §fMad Zombie §7- §a28,0§7/§c30 ❤ tarafından katledildi
[19:22:28] [Server thread/INFO] (Minecraft) Named entity ZombieEntity['§c[Seviye: 12] §fZombi §7- §a10,0§7/§c46 ❤'/1567, l='ServerLevel[Ana dünya]', x=-110.32, y=-63.00, z=-233.66] died: §c[Seviye: 12] §fZombi §7- §a10,0§7/§c46 ❤, §c[Seviye: 23] §fMad Zombie §7- §a46,8§7/§c52 ❤ tarafından katledildi
[19:22:29] [Server thread/INFO] (Minecraft) Named entity ZombieEntity['§c[Seviye: 17] §fZombi §7- §a6,7§7/§c49 ❤'/1565, l='ServerLevel[Ana dünya]', x=-111.94, y=-63.00, z=-231.39] died: §c[Seviye: 17] §fZombi §7- §a6,7§7/§c49 ❤, §c[Seviye: 19] §fMad Zombie §7- §a43,0§7/§c50 ❤ tarafından katledildi
[19:22:29] [Server thread/INFO] (Minecraft) Named entity ZombieEntity['§c[Seviye: 13] §fZombi §7- §a10,2§7/§c46 ❤'/1545, l='ServerLevel[Ana dünya]', x=-109.11, y=-63.00, z=-232.43] died: §c[Seviye: 13] §fZombi §7- §a10,2§7/§c46 ❤, §c[Seviye: 23] §fMad Zombie §7- §a44,8§7/§c52 ❤ tarafından katledildi
[19:22:29] [Server thread/INFO] (Minecraft) Named entity MadZombieEntity['§c[Seviye: 28] §fMad Zombie §7- §a0,0§7/§c54 ❤'/1470, l='ServerLevel[Ana dünya]', x=-111.88, y=-63.00, z=-233.60] died: §c[Seviye: 28] §fMad Zombie §7- §a0,0§7/§c54 ❤ yanarak öldü
[19:22:34] [Server thread/INFO] (Minecraft) Named entity ZombieEntity['§c[Seviye: 4] §fZombi §7- §a2,4§7/§c36 ❤'/1613, l='ServerLevel[Ana dünya]', x=-110.28, y=-62.21, z=-226.46] died: §c[Seviye: 4] §fZombi §7- §a2,4§7/§c36 ❤, §c[Seviye: 37] §fMad Zombie §7- §a22,0§7/§c56 ❤ tarafından katledildi
[19:22:36] [Server thread/INFO] (Minecraft) Named entity ZombieEntity['§c[Seviye: 14] §fZombi §7- §a2,8§7/§c47 ❤'/1608, l='ServerLevel[Ana dünya]', x=-113.70, y=-63.00, z=-226.86] died: §c[Seviye: 14] §fZombi §7- §a2,8§7/§c47 ❤, §c[Seviye: 23] §fMad Zombie §7- §a37,8§7/§c52 ❤ tarafından katledildi
[19:22:36] [Server thread/INFO] (Minecraft) Named entity ZombieEntity['§c[Seviye: 19] §fZombi §7- §a12,4§7/§c50 ❤'/1610, l='ServerLevel[Ana dünya]', x=-112.16, y=-63.00, z=-230.76] died: §c[Seviye: 19] §fZombi §7- §a12,4§7/§c50 ❤, §c[Seviye: 27] §fMad Zombie §7- §a19,6§7/§c53 ❤ tarafından katledildi
[19:22:38] [Server thread/INFO] (Minecraft) Named entity MadZombieEntity['§c[Seviye: 36] §fMad Zombie §7- §a1,6§7/§c34 ❤'/1582, l='ServerLevel[Ana dünya]', x=-131.70, y=-62.00, z=-139.30] died: §c[Seviye: 36] §fMad Zombie §7- §a1,6§7/§c34 ❤, §c[Seviye: 31] §fMad Zombie §7- §a320,0§7/§c320 ❤ tarafından katledildi
[19:22:41] [Server thread/INFO] (Minecraft) Named entity ZombieEntity['§c[Seviye: 1] §fZombi §7- §a3,9§7/§c27 ❤'/1550, l='ServerLevel[Ana dünya]', x=-110.03, y=-60.00, z=-237.04] died: §c[Seviye: 1] §fZombi §7- §a3,9§7/§c27 ❤, §c[Seviye: 29] §fMad Zombie §7- §a33,0§7/§c54 ❤ tarafından katledildi
[19:22:43] [Server thread/INFO] (Minecraft) Named entity MadZombieEntity['§c[Seviye: 20] §fMad Zombie §7- §a0,8§7/§c50 ❤'/1526, l='ServerLevel[Ana dünya]', x=-128.52, y=-63.00, z=-150.46] died: §c[Seviye: 20] §fMad Zombie §7- §a0,8§7/§c50 ❤ yanarak öldü
[19:22:44] [Server thread/INFO] (Minecraft) Named entity MadZombieEntity['§c[Seviye: 4] §fMad Zombie §7- §a0,6§7/§c36 ❤'/1538, l='ServerLevel[Ana dünya]', x=-112.11, y=-63.00, z=-236.10] died: §c[Seviye: 4] §fMad Zombie §7- §a0,6§7/§c36 ❤ yanarak öldü
[19:22:52] [Server thread/INFO] (Minecraft) Named entity MadSkeletonEntity['§c[Seviye: 3] §fMad Skeleton §7- §a0,9§7/§c34 ❤'/1549, l='ServerLevel[Ana dünya]', x=-108.82, y=-60.00, z=-221.78] died: §c[Seviye: 3] §fMad Skeleton §7- §a0,9§7/§c34 ❤ yanarak öldü
[19:22:53] [Server thread/INFO] (Minecraft) Named entity MadSkeletonEntity['§c[Seviye: 37] §fMad Skeleton §7- §a0,4§7/§c56 ❤'/1436, l='ServerLevel[Ana dünya]', x=-126.83, y=-58.00, z=-148.47] died: §c[Seviye: 37] §fMad Skeleton §7- §a0,4§7/§c56 ❤ yanarak öldü
[19:22:53] [Server thread/INFO] (Minecraft) Named entity MadSkeletonEntity['§c[Seviye: 2] §fMad Skeleton §7- §a1,0§7/§c31 ❤'/1583, l='ServerLevel[Ana dünya]', x=-131.05, y=-60.00, z=-146.24] died: §c[Seviye: 2] §fMad Skeleton §7- §a1,0§7/§c31 ❤ yanarak öldü
[19:22:54] [Server thread/INFO] (Minecraft) Named entity MadZombieEntity['§c[Seviye: 35] §fMad Zombie §7- §a0,1§7/§c56 ❤'/1540, l='ServerLevel[Ana dünya]', x=-114.57, y=-61.58, z=-227.30] died: §c[Seviye: 35] §fMad Zombie §7- §a0,1§7/§c56 ❤ yanarak öldü
[19:22:54] [Server thread/INFO] (Minecraft) Named entity ZombieEntity['§c[Seviye: 19] §fZombi §7- §a0,4§7/§c50 ❤'/1580, l='ServerLevel[Ana dünya]', x=-137.61, y=-60.00, z=-143.61] died: §c[Seviye: 19] §fZombi §7- §a0,4§7/§c50 ❤ yanarak öldü
[19:22:56] [Server thread/INFO] (Minecraft) Named entity MadZombieEntity['§c[Seviye: 37] §fMad Zombie §7- §a0,0§7/§c56 ❤'/1568, l='ServerLevel[Ana dünya]', x=-116.67, y=-60.00, z=-211.68] died: §c[Seviye: 37] §fMad Zombie §7- §a0,0§7/§c56 ❤ yanarak öldü
[19:22:56] [Server thread/INFO] (Minecraft) Named entity MadSkeletonEntity['§c[Seviye: 8] §fMad Skeleton §7- §a1,0§7/§c42 ❤'/1558, l='ServerLevel[Ana dünya]', x=-130.23, y=-63.00, z=-153.49] died: §c[Seviye: 8] §fMad Skeleton §7- §a1,0§7/§c42 ❤ yanarak öldü
[19:22:56] [Server thread/INFO] (Minecraft) Named entity MadZombieEntity['§c[Seviye: 22] §fMad Zombie §7- §a7,2§7/§c51 ❤'/1554, l='ServerLevel[Ana dünya]', x=-127.04, y=-63.00, z=-140.98] died: §c[Seviye: 22] §fMad Zombie §7- §a7,2§7/§c51 ❤, §c[Seviye: 17] §fZombi §7- §a16,6§7/§c49 ❤ tarafından katledildi
[19:22:56] [Server thread/INFO] (Minecraft) Named entity ZombieEntity['§c[Seviye: 17] §fZombi §7- §a2,6§7/§c49 ❤'/1635, l='ServerLevel[Ana dünya]', x=-126.08, y=-63.00, z=-140.70] died: §c[Seviye: 17] §fZombi §7- §a2,6§7/§c49 ❤, §c[Seviye: 7] §fMad Zombie §7- §a10,8§7/§c41 ❤ tarafından katledildi
[19:22:59] [Server thread/INFO] (Minecraft) Named entity MadZombieEntity['§c[Seviye: 12] §fMad Zombie §7- §a0,0§7/§c46 ❤'/1473, l='ServerLevel[Ana dünya]', x=-111.49, y=-63.00, z=-238.39] died: §c[Seviye: 12] §fMad Zombie §7- §a0,0§7/§c46 ❤ yanarak öldü
[19:23:00] [Server thread/INFO] (Minecraft) Named entity MadZombieEntity['§c[Seviye: 25] §fMad Zombie §7- §a14,6§7/§c53 ❤'/1574, l='ServerLevel[Ana dünya]', x=-112.73, y=-63.00, z=-231.69] died: §c[Seviye: 25] §fMad Zombie §7- §a14,6§7/§c53 ❤, §c[Seviye: 5] §fZombi §7- §a314,9§7/§c320 ❤ tarafından katledildi
[19:23:01] [Server thread/INFO] (Minecraft) Named entity ZombieEntity['§c[Seviye: 1] §fZombi §7- §a12,2§7/§c27 ❤'/1649, l='ServerLevel[Ana dünya]', x=-110.55, y=-63.00, z=-229.28] died: §c[Seviye: 1] §fZombi §7- §a12,2§7/§c27 ❤, §c[Seviye: 28] §fMad Zombie §7- §a23,7§7/§c54 ❤ tarafından katledildi
[19:23:02] [Server thread/INFO] (Minecraft) Named entity MadZombieEntity['§c[Seviye: 29] §fMad Zombie §7- §a22,0§7/§c54 ❤'/1546, l='ServerLevel[Ana dünya]', x=-109.43, y=-63.00, z=-233.46] died: §c[Seviye: 29] §fMad Zombie §7- §a22,0§7/§c54 ❤, §c[Seviye: 5] §fZombi §7- §a302,4§7/§c320 ❤ tarafından katledildi
[19:23:03] [Server thread/INFO] (Minecraft) Named entity MadSkeletonEntity['§c[Seviye: 7] §fMad Skeleton §7- §a0,8§7/§c41 ❤'/1578, l='ServerLevel[Ana dünya]', x=-105.53, y=-63.00, z=-229.04] died: §c[Seviye: 7] §fMad Skeleton §7- §a0,8§7/§c41 ❤ yanarak öldü
[19:23:03] [Server thread/INFO] (Minecraft) Named entity MadZombieEntity['§c[Seviye: 27] §fMad Zombie §7- §a0,6§7/§c53 ❤'/1570, l='ServerLevel[Ana dünya]', x=-110.47, y=-63.00, z=-233.70] died: §c[Seviye: 27] §fMad Zombie §7- §a0,6§7/§c53 ❤ yanarak öldü
[19:23:03] [Server thread/INFO] (Minecraft) Named entity MadZombieEntity['§c[Seviye: 36] §fMad Zombie §7- §a22,4§7/§c34 ❤'/286, l='ServerLevel[Ana dünya]', x=-109.30, y=-63.00, z=-232.92] died: §c[Seviye: 36] §fMad Zombie §7- §a22,4§7/§c34 ❤, §c[Seviye: 5] §fZombi §7- §a296,5§7/§c320 ❤ tarafından katledildi
[19:23:04] [Server thread/INFO] (Minecraft) Named entity MadSkeletonEntity['§c[Seviye: 8] §fMad Skeleton §7- §a1,0§7/§c42 ❤'/1581, l='ServerLevel[Ana dünya]', x=-131.20, y=-62.00, z=-141.50] died: §c[Seviye: 8] §fMad Skeleton §7- §a1,0§7/§c42 ❤ yanarak öldü
[19:23:04] [Server thread/INFO] (Minecraft) Named entity MadZombieEntity['§c[Seviye: 11] §fMad Zombie §7- §a1,6§7/§c45 ❤'/1543, l='ServerLevel[Ana dünya]', x=-108.42, y=-63.00, z=-232.02] died: §c[Seviye: 11] §fMad Zombie §7- §a1,6§7/§c45 ❤, §c[Seviye: 5] §fZombi §7- §a288,9§7/§c320 ❤ tarafından katledildi
[19:23:05] [Server thread/INFO] (Minecraft) Named entity MadZombieEntity['§c[Seviye: 23] §fMad Zombie §7- §a6,8§7/§c52 ❤'/1576, l='ServerLevel[Ana dünya]', x=-107.64, y=-63.00, z=-231.68] died: §c[Seviye: 23] §fMad Zombie §7- §a6,8§7/§c52 ❤, §c[Seviye: 5] §fZombi §7- §a283,4§7/§c320 ❤ tarafından katledildi
[19:23:05] [Server thread/INFO] (Minecraft) Named entity ZombieEntity['§c[Seviye: 6] §fZombi §7- §a3,4§7/§c39 ❤'/1658, l='ServerLevel[Ana dünya]', x=-111.38, y=-63.00, z=-229.47] died: §c[Seviye: 6] §fZombi §7- §a3,4§7/§c39 ❤, §c[Seviye: 27] §fMad Zombie §7- §a51,3§7/§c53 ❤ tarafından katledildi
[19:23:07] [Server thread/INFO] (Minecraft) Named entity MadZombieEntity['§c[Seviye: 7] §fMad Zombie §7- §a0,8§7/§c41 ❤'/1555, l='ServerLevel[Ana dünya]', x=-126.59, y=-63.00, z=-140.84] died: §c[Seviye: 7] §fMad Zombie §7- §a0,8§7/§c41 ❤ yanarak öldü
[19:23:08] [Server thread/INFO] (Minecraft) Named entity MadZombieEntity['§c[Seviye: 19] §fMad Zombie §7- §a0,2§7/§c50 ❤'/1646, l='ServerLevel[Ana dünya]', x=-107.95, y=-63.00, z=-229.09] died: §c[Seviye: 19] §fMad Zombie §7- §a0,2§7/§c50 ❤, §c[Seviye: 5] §fZombi §7- §a265,1§7/§c320 ❤ tarafından katledildi
[19:23:09] [Server thread/INFO] (Minecraft) Named entity MadSkeletonEntity['§c[Seviye: 34] §fMad Skeleton §7- §a0,6§7/§c56 ❤'/1523, l='ServerLevel[Ana dünya]', x=-124.41, y=-63.00, z=-148.72] died: §c[Seviye: 34] §fMad Skeleton §7- §a0,6§7/§c56 ❤ yanarak öldü
[19:23:10] [Server thread/INFO] (Minecraft) Named entity MadZombieEntity['§c[Seviye: 31] §fMad Zombie §7- §a4,9§7/§c55 ❤'/1661, l='ServerLevel[Ana dünya]', x=-109.58, y=-63.00, z=-229.81] died: §c[Seviye: 31] §fMad Zombie §7- §a4,9§7/§c55 ❤, §c[Seviye: 5] §fZombi §7- §a248,3§7/§c320 ❤ tarafından katledildi
[19:23:11] [Server thread/INFO] (Minecraft) Named entity MadSkeletonEntity['§c[Seviye: 39] §fMad Skeleton §7- §a0,9§7/§c57 ❤'/1537, l='ServerLevel[Ana dünya]', x=-118.47, y=-62.00, z=-232.82] died: §c[Seviye: 39] §fMad Skeleton §7- §a0,9§7/§c57 ❤ yanarak öldü
[19:23:11] [Server thread/INFO] (Minecraft) Named entity MadSkeletonEntity['§c[Seviye: 34] §fMad Skeleton §7- §a0,6§7/§c56 ❤'/1539, l='ServerLevel[Ana dünya]', x=-103.87, y=-60.00, z=-220.86] died: §c[Seviye: 34] §fMad Skeleton §7- §a0,6§7/§c56 ❤ yanarak öldü
[19:23:11] [Server thread/INFO] (Minecraft) Named entity MadZombieEntity['§c[Seviye: 24] §fMad Zombie §7- §a10,2§7/§c52 ❤'/1611, l='ServerLevel[Ana dünya]', x=-111.69, y=-63.00, z=-231.00] died: §c[Seviye: 24] §fMad Zombie §7- §a10,2§7/§c52 ❤, §c[Seviye: 5] §fZombi §7- §a241,1§7/§c320 ❤ tarafından katledildi
[19:23:12] [Server thread/INFO] (Minecraft) Named entity MadZombieEntity['§c[Seviye: 24] §fMad Zombie §7- §a10,2§7/§c52 ❤'/1636, l='ServerLevel[Ana dünya]', x=-126.01, y=-62.36, z=-142.83] died: §c[Seviye: 24] §fMad Zombie §7- §a10,2§7/§c52 ❤, §c[Seviye: 18] §fZombi §7- §a44,4§7/§c49 ❤ tarafından katledildi
[19:23:12] [Server thread/INFO] (Minecraft) Named entity MadSkeletonEntity['§c[Seviye: 17] §fMad Skeleton §7- §a0,9§7/§c49 ❤'/1449, l='ServerLevel[Ana dünya]', x=-107.01, y=-63.00, z=-231.02] died: §c[Seviye: 17] §fMad Skeleton §7- §a0,9§7/§c49 ❤ yanarak öldü
[19:23:13] [Server thread/INFO] (Minecraft) Named entity MadZombieEntity['§c[Seviye: 27] §fMad Zombie §7- §a37,6§7/§c53 ❤'/1660, l='ServerLevel[Ana dünya]', x=-112.24, y=-63.00, z=-233.75] died: §c[Seviye: 27] §fMad Zombie §7- §a37,6§7/§c53 ❤, §c[Seviye: 5] §fZombi §7- §a233,3§7/§c320 ❤ tarafından katledildi
[19:23:14] [Server thread/INFO] (Minecraft) Named entity MadZombieEntity['§c[Seviye: 28] §fMad Zombie §7- §a10,7§7/§c54 ❤'/1612, l='ServerLevel[Ana dünya]', x=-111.30, y=-63.00, z=-234.75] died: §c[Seviye: 28] §fMad Zombie §7- §a10,7§7/§c54 ❤, §c[Seviye: 5] §fZombi §7- §a225,9§7/§c320 ❤ tarafından katledildi
[19:23:14] [Server thread/INFO] (Minecraft) Named entity MadSkeletonEntity['§c[Seviye: 24] §fMad Skeleton §7- §a0,2§7/§c52 ❤'/1579, l='ServerLevel[Ana dünya]', x=-107.22, y=-60.00, z=-241.22] died: §c[Seviye: 24] §fMad Skeleton §7- §a0,2§7/§c52 ❤ yanarak öldü
[19:23:14] [Server thread/INFO] (Minecraft) Named entity SkeletonEntity['§c[Seviye: 2] §fİskelet §7- §a10,3§7/§c31 ❤'/1679, l='ServerLevel[Ana dünya]', x=-116.08, y=-61.00, z=-228.87] died: §c[Seviye: 2] §fİskelet §7- §a10,3§7/§c31 ❤, §c[Seviye: 39] §fMad Zombie §7- §a54,9§7/§c57 ❤ tarafından katledildi
[19:23:14] [Server thread/INFO] (Minecraft) Named entity MadSkeletonEntity['§c[Seviye: 40] §fMad Skeleton §7- §a0,1§7/§c57 ❤'/1575, l='ServerLevel[Ana dünya]', x=-114.25, y=-63.00, z=-229.70] died: §c[Seviye: 40] §fMad Skeleton §7- §a0,1§7/§c57 ❤ yanarak öldü
[19:23:14] [Server thread/INFO] (Minecraft) Named entity MadZombieEntity['§c[Seviye: 20] §fMad Zombie §7- §a37,4§7/§c50 ❤'/1659, l='ServerLevel[Ana dünya]', x=-112.22, y=-63.00, z=-235.13] died: §c[Seviye: 20] §fMad Zombie §7- §a37,4§7/§c50 ❤, §c[Seviye: 5] §fZombi §7- §a220,6§7/§c320 ❤ tarafından katledildi
[19:23:14] [Server thread/INFO] (Minecraft) Named entity ZombieEntity['§c[Seviye: 12] §fZombi §7- §a6,7§7/§c46 ❤'/1670, l='ServerLevel[Ana dünya]', x=-126.77, y=-63.00, z=-144.33] died: §c[Seviye: 12] §fZombi §7- §a6,7§7/§c46 ❤, §c[Seviye: 12] §fMad Zombie §7- §a18,1§7/§c46 ❤ tarafından katledildi
[19:23:15] [Server thread/INFO] (Minecraft) Named entity MadSkeletonEntity['§c[Seviye: 34] §fMad Skeleton §7- §a0,6§7/§c56 ❤'/1584, l='ServerLevel[Ana dünya]', x=-129.98, y=-62.00, z=-138.45] died: §c[Seviye: 34] §fMad Skeleton §7- §a0,6§7/§c56 ❤ yanarak öldü
[19:23:17] [Server thread/INFO] (Minecraft) Named entity MadZombieEntity['§c[Seviye: 12] §fMad Zombie §7- §a0,4§7/§c46 ❤'/1669, l='ServerLevel[Ana dünya]', x=-127.40, y=-63.00, z=-141.53] died: §c[Seviye: 12] §fMad Zombie §7- §a0,4§7/§c46 ❤, §c[Seviye: 18] §fZombi §7- §a19,6§7/§c49 ❤ tarafından katledildi
[19:23:17] [Server thread/INFO] (Minecraft) Named entity MadSkeletonEntity['§c[Seviye: 39] §fMad Skeleton §7- §a0,9§7/§c57 ❤'/1566, l='ServerLevel[Ana dünya]', x=-108.83, y=-60.00, z=-221.79] died: §c[Seviye: 39] §fMad Skeleton §7- §a0,9§7/§c57 ❤ yanarak öldü
[19:23:18] [Server thread/INFO] (Minecraft) Named entity MadZombieEntity['§c[Seviye: 34] §fMad Zombie §7- §a5,7§7/§c56 ❤'/1677, l='ServerLevel[Ana dünya]', x=-112.59, y=-63.00, z=-234.22] died: §c[Seviye: 34] §fMad Zombie §7- §a5,7§7/§c56 ❤, §c[Seviye: 5] §fZombi §7- §a201,4§7/§c320 ❤ tarafından katledildi
[19:23:19] [Server thread/INFO] (Minecraft) Named entity SkeletonEntity['§c[Seviye: 1] §fİskelet §7- §a8,1§7/§c27 ❤'/1708, l='ServerLevel[Ana dünya]', x=-114.36, y=-63.00, z=-231.11] died: §c[Seviye: 1] §fİskelet §7- §a8,1§7/§c27 ❤, §c[Seviye: 16] §fMad Zombie §7- §a42,1§7/§c48 ❤ tarafından katledildi
[19:23:20] [Server thread/INFO] (Minecraft) Named entity ZombieEntity['§c[Seviye: 6] §fZombi §7- §a0,4§7/§c39 ❤'/1712, l='ServerLevel[Ana dünya]', x=-117.68, y=-63.00, z=-230.30] died: §c[Seviye: 6] §fZombi §7- §a0,4§7/§c39 ❤, §c[Seviye: 16] §fMad Zombie §7- §a32,9§7/§c48 ❤ ile savaşırken cayır cayır yandı
[19:23:21] [Server thread/INFO] (Minecraft) Named entity SkeletonEntity['§c[Seviye: 1] §fİskelet §7- §a3,1§7/§c27 ❤'/1707, l='ServerLevel[Ana dünya]', x=-112.08, y=-63.00, z=-230.50] died: §c[Seviye: 1] §fİskelet §7- §a3,1§7/§c27 ❤, §c[Seviye: 16] §fMad Zombie §7- §a40,9§7/§c48 ❤ tarafından katledildi
[19:23:21] [Server thread/INFO] (Minecraft) Named entity ZombieEntity['§c[Seviye: 7] §fZombi §7- §a0,8§7/§c41 ❤'/1671, l='ServerLevel[Ana dünya]', x=-126.94, y=-63.00, z=-142.83] died: §c[Seviye: 7] §fZombi §7- §a0,8§7/§c41 ❤ yanarak öldü
[19:23:21] [Server thread/INFO] (Minecraft) Named entity ZombieEntity['§c[Seviye: 4] §fZombi §7- §a7,4§7/§c36 ❤'/1698, l='ServerLevel[Ana dünya]', x=-114.57, y=-63.00, z=-230.14] died: §c[Seviye: 4] §fZombi §7- §a7,4§7/§c36 ❤, §c[Seviye: 31] §fMad Zombie §7- §a50,7§7/§c55 ❤ tarafından katledildi
[19:23:22] [Server thread/INFO] (Minecraft) Named entity SkeletonEntity['§c[Seviye: 2] §fİskelet §7- §a4,1§7/§c31 ❤'/1720, l='ServerLevel[Ana dünya]', x=-112.69, y=-63.00, z=-235.33] died: §c[Seviye: 2] §fİskelet §7- §a4,1§7/§c31 ❤, §c[Seviye: 1] §fMad Zombie §7- §a17,3§7/§c27 ❤ tarafından katledildi
[19:23:22] [Server thread/INFO] (Minecraft) Named entity MadZombieEntity['§c[Seviye: 39] §fMad Zombie §7- §a8,7§7/§c57 ❤'/1682, l='ServerLevel[Ana dünya]', x=-114.20, y=-63.00, z=-239.28] died: §c[Seviye: 39] §fMad Zombie §7- §a8,7§7/§c57 ❤, §c[Seviye: 5] §fZombi §7- §a166,8§7/§c320 ❤ tarafından katledildi
[19:23:23] [Server thread/INFO] (Minecraft) Named entity ZombieEntity['§c[Seviye: 12] §fZombi §7- §a7,3§7/§c46 ❤'/1725, l='ServerLevel[Ana dünya]', x=-111.75, y=-63.00, z=-235.05] died: §c[Seviye: 12] §fZombi §7- §a7,3§7/§c46 ❤, §c[Seviye: 13] §fMad Zombie §7- §a23,2§7/§c46 ❤ tarafından katledildi
[19:23:23] [Server thread/INFO] (Minecraft) Named entity MadZombieEntity['§c[Seviye: 19] §fMad Zombie §7- §a9,0§7/§c50 ❤'/1536, l='ServerLevel[Ana dünya]', x=-114.62, y=-63.00, z=-239.16] died: §c[Seviye: 19] §fMad Zombie §7- §a9,0§7/§c50 ❤, §c[Seviye: 5] §fZombi §7- §a162,6§7/§c320 ❤ tarafından katledildi
[19:23:24] [Server thread/INFO] (Minecraft) Named entity ZombieEntity['§c[Seviye: 18] §fZombi §7- §a6,9§7/§c49 ❤'/1709, l='ServerLevel[Ana dünya]', x=-113.94, y=-63.00, z=-237.28] died: §c[Seviye: 18] §fZombi §7- §a6,9§7/§c49 ❤, §c[Seviye: 12] §fMad Zombie §7- §a35,9§7/§c46 ❤ tarafından katledildi
[19:23:24] [Server thread/INFO] (Minecraft) Named entity MadZombieEntity['§c[Seviye: 19] §fMad Zombie §7- §a38,0§7/§c50 ❤'/1684, l='ServerLevel[Ana dünya]', x=-115.60, y=-63.00, z=-237.45] died: §c[Seviye: 19] §fMad Zombie §7- §a38,0§7/§c50 ❤, §c[Seviye: 5] §fZombi §7- §a153,6§7/§c320 ❤ tarafından katledildi
[19:23:25] [Server thread/INFO] (Minecraft) Named entity SkeletonEntity['§c[Seviye: 3] §fİskelet §7- §a8,6§7/§c34 ❤'/1723, l='ServerLevel[Ana dünya]', x=-116.86, y=-63.00, z=-235.91] died: §c[Seviye: 3] §fİskelet §7- §a8,6§7/§c34 ❤, §c[Seviye: 16] §fMad Zombie §7- §a15,8§7/§c48 ❤ tarafından katledildi
[19:23:26] [Server thread/INFO] (Minecraft) Named entity SkeletonEntity['§c[Seviye: 3] §fİskelet §7- §a6,7§7/§c34 ❤'/1722, l='ServerLevel[Ana dünya]', x=-117.05, y=-63.00, z=-231.34] died: §c[Seviye: 3] §fİskelet §7- §a6,7§7/§c34 ❤, §c[Seviye: 1] §fMad Zombie §7- §a13,3§7/§c27 ❤ tarafından katledildi
[19:23:26] [Server thread/INFO] (Minecraft) Named entity MadZombieEntity['§c[Seviye: 5] §fMad Zombie §7- §a30,0§7/§c30 ❤'/1703, l='ServerLevel[Ana dünya]', x=-118.05, y=-63.00, z=-238.49] died: §c[Seviye: 5] §fMad Zombie §7- §a30,0§7/§c30 ❤, §c[Seviye: 5] §fZombi §7- §a146,4§7/§c320 ❤ tarafından katledildi
[19:23:28] [Server thread/INFO] (Minecraft) Named entity MadZombieEntity['§c[Seviye: 31] §fMad Zombie §7- §a0,9§7/§c55 ❤'/1699, l='ServerLevel[Ana dünya]', x=-116.88, y=-63.00, z=-239.12] died: §c[Seviye: 31] §fMad Zombie §7- §a0,9§7/§c55 ❤, §c[Seviye: 5] §fZombi §7- §a136,5§7/§c320 ❤ ile savaşırken cayır cayır yandı
[19:23:28] [Server thread/INFO] (Minecraft) Named entity SkeletonEntity['§c[Seviye: 1] §fİskelet §7- §a8,6§7/§c27 ❤'/1710, l='ServerLevel[Ana dünya]', x=-107.02, y=-63.00, z=-229.27] died: §c[Seviye: 1] §fİskelet §7- §a8,6§7/§c27 ❤, §c[Seviye: 16] §fMad Zombie §7- §a12,8§7/§c48 ❤ tarafından katledildi
[19:23:31] [Server thread/INFO] (Minecraft) Named entity MadSkeletonEntity['§c[Seviye: 3] §fMad Skeleton §7- §a0,9§7/§c34 ❤'/1650, l='ServerLevel[Ana dünya]', x=-110.50, y=-58.00, z=-231.50] died: §c[Seviye: 3] §fMad Skeleton §7- §a0,9§7/§c34 ❤ yanarak öldü
[19:23:32] [Server thread/INFO] (Minecraft) Named entity MadZombieEntity['§c[Seviye: 12] §fMad Zombie §7- §a29,5§7/§c46 ❤'/1706, l='ServerLevel[Ana dünya]', x=-114.88, y=-63.00, z=-240.20] died: §c[Seviye: 12] §fMad Zombie §7- §a29,5§7/§c46 ❤, §c[Seviye: 5] §fZombi §7- §a116,8§7/§c320 ❤ tarafından katledildi
[19:23:33] [Server thread/INFO] (Minecraft) Named entity ZombieEntity['§c[Seviye: 3] §fZombi §7- §a0,1§7/§c34 ❤'/1668, l='ServerLevel[Ana dünya]', x=-126.91, y=-63.00, z=-142.43] died: §c[Seviye: 3] §fZombi §7- §a0,1§7/§c34 ❤, §c[Seviye: 3] §fMad Zombie §7- §a9,0§7/§c34 ❤ tarafından katledildi
[19:23:33] [Server thread/INFO] (Minecraft) Named entity MadZombieEntity['§c[Seviye: 3] §fMad Zombie §7- §a9,0§7/§c34 ❤'/1694, l='ServerLevel[Ana dünya]', x=-126.30, y=-63.00, z=-142.47] died: §c[Seviye: 3] §fMad Zombie §7- §a9,0§7/§c34 ❤, §c[Seviye: 18] §fZombi §7- §a1,6§7/§c49 ❤ tarafından katledildi
[19:23:33] [Server thread/INFO] (Minecraft) Named entity MadZombieEntity['§c[Seviye: 16] §fMad Zombie §7- §a8,8§7/§c48 ❤'/1711, l='ServerLevel[Ana dünya]', x=-114.30, y=-63.00, z=-241.70] died: §c[Seviye: 16] §fMad Zombie §7- §a8,8§7/§c48 ❤, §c[Seviye: 5] §fZombi §7- §a114,2§7/§c320 ❤ tarafından katledildi
[19:23:34] [Server thread/INFO] (Minecraft) Named entity SkeletonEntity['§c[Seviye: 1] §fİskelet §7- §a7,5§7/§c27 ❤'/1777, l='ServerLevel[Ana dünya]', x=-112.45, y=-63.00, z=-234.90] died: §c[Seviye: 1] §fİskelet §7- §a7,5§7/§c27 ❤, §c[Seviye: 28] §fMad Zombie §7- §a51,7§7/§c54 ❤ tarafından katledildi
[19:23:34] [Server thread/INFO] (Minecraft) Named entity MadZombieEntity['§c[Seviye: 13] §fMad Zombie §7- §a12,0§7/§c46 ❤'/1721, l='ServerLevel[Ana dünya]', x=-115.73, y=-63.00, z=-240.36] died: §c[Seviye: 13] §fMad Zombie §7- §a12,0§7/§c46 ❤, §c[Seviye: 5] §fZombi §7- §a108,8§7/§c320 ❤ tarafından katledildi
[19:23:35] [Server thread/INFO] (Minecraft) Named entity ZombieEntity['§c[Seviye: 18] §fZombi §7- §a0,6§7/§c49 ❤'/1672, l='ServerLevel[Ana dünya]', x=-127.40, y=-63.00, z=-142.43] died: §c[Seviye: 18] §fZombi §7- §a0,6§7/§c49 ❤ yanarak öldü
[19:23:35] [Server thread/INFO] (Minecraft) Named entity MadZombieEntity['§c[Seviye: 1] §fMad Zombie §7- §a3,3§7/§c27 ❤'/1719, l='ServerLevel[Ana dünya]', x=-115.49, y=-63.00, z=-240.94] died: §c[Seviye: 1] §fMad Zombie §7- §a3,3§7/§c27 ❤, §c[Seviye: 5] §fZombi §7- §a104,8§7/§c320 ❤ tarafından katledildi
[19:23:35] [Server thread/INFO] (Minecraft) Named entity ZombieEntity['§c[Seviye: 19] §fZombi §7- §a4,3§7/§c25 ❤'/1789, l='ServerLevel[Ana dünya]', x=-113.44, y=-63.00, z=-232.73] died: §c[Seviye: 19] §fZombi §7- §a4,3§7/§c25 ❤, §c[Seviye: 28] §fMad Zombie §7- §a48,5§7/§c54 ❤ tarafından katledildi
[19:23:36] [Server thread/INFO] (Minecraft) Named entity SkeletonEntity['§c[Seviye: 2] §fİskelet §7- §a7,3§7/§c31 ❤'/1783, l='ServerLevel[Ana dünya]', x=-117.70, y=-63.00, z=-242.70] died: §c[Seviye: 2] §fİskelet §7- §a7,3§7/§c31 ❤, §c[Seviye: 19] §fMad Zombie §7- §a44,4§7/§c50 ❤ tarafından katledildi
[19:23:36] [Server thread/INFO] (Minecraft) Named entity SkeletonEntity['§c[Seviye: 3] §fİskelet §7- §a4,4§7/§c34 ❤'/1794, l='ServerLevel[Ana dünya]', x=-113.77, y=-63.00, z=-236.14] died: §c[Seviye: 3] §fİskelet §7- §a4,4§7/§c34 ❤, §c[Seviye: 28] §fMad Zombie §7- §a46,9§7/§c54 ❤ tarafından katledildi
[19:23:36] [Server thread/INFO] (Minecraft) Named entity MadZombieEntity['§c[Seviye: 16] §fMad Zombie §7- §a29,9§7/§c48 ❤'/1700, l='ServerLevel[Ana dünya]', x=-115.87, y=-63.00, z=-239.48] died: §c[Seviye: 16] §fMad Zombie §7- §a29,9§7/§c48 ❤, §c[Seviye: 5] §fZombi §7- §a98,1§7/§c320 ❤ tarafından katledildi
[19:23:37] [Server thread/INFO] (Minecraft) Named entity SkeletonEntity['§c[Seviye: 1] §fİskelet §7- §a18,3§7/§c27 ❤'/1782, l='ServerLevel[Ana dünya]', x=-119.27, y=-63.00, z=-241.28] died: §c[Seviye: 1] §fİskelet §7- §a18,3§7/§c27 ❤, §c[Seviye: 19] §fMad Zombie §7- §a44,4§7/§c50 ❤ tarafından katledildi
[19:23:37] [Server thread/INFO] (Minecraft) Named entity MadZombieEntity['§c[Seviye: 6] §fMad Zombie §7- §a3,5§7/§c39 ❤'/1662, l='ServerLevel[Ana dünya]', x=-117.30, y=-63.00, z=-237.47] died: §c[Seviye: 6] §fMad Zombie §7- §a3,5§7/§c39 ❤, §c[Seviye: 5] §fZombi §7- §a95,6§7/§c320 ❤ tarafından katledildi
[19:23:38] [Server thread/INFO] (Minecraft) Named entity SkeletonEntity['§c[Seviye: 1] §fİskelet §7- §a2,4§7/§c27 ❤'/1790, l='ServerLevel[Ana dünya]', x=-110.62, y=-63.00, z=-229.62] died: §c[Seviye: 1] §fİskelet §7- §a2,4§7/§c27 ❤, §c[Seviye: 35] §fMad Zombie §7- §a46,0§7/§c56 ❤ tarafından katledildi
[19:23:38] [Server thread/INFO] (Minecraft) Named entity ZombieEntity['§c[Seviye: 6] §fZombi §7- §a13,3§7/§c39 ❤'/1792, l='ServerLevel[Ana dünya]', x=-120.22, y=-63.00, z=-238.49] died: §c[Seviye: 6] §fZombi §7- §a13,3§7/§c39 ❤, §c[Seviye: 19] §fMad Zombie §7- §a42,4§7/§c50 ❤ tarafından katledildi
[19:23:38] [Server thread/INFO] (Minecraft) Named entity ZombieEntity['§c[Seviye: 6] §fZombi §7- §a8,7§7/§c39 ❤'/1791, l='ServerLevel[Ana dünya]', x=-116.91, y=-63.00, z=-237.16] died: §c[Seviye: 6] §fZombi §7- §a8,7§7/§c39 ❤, §c[Seviye: 28] §fMad Zombie §7- §a43,9§7/§c54 ❤ tarafından katledildi
[19:23:39] [Server thread/INFO] (Minecraft) Named entity MadZombieEntity['§c[Seviye: 1] §fMad Zombie §7- §a3,7§7/§c27 ❤'/1702, l='ServerLevel[Ana dünya]', x=-117.80, y=-63.00, z=-237.60] died: §c[Seviye: 1] §fMad Zombie §7- §a3,7§7/§c27 ❤, §c[Seviye: 5] §fZombi §7- §a92,2§7/§c320 ❤ tarafından katledildi
[19:23:39] [Server thread/INFO] (Minecraft) Named entity SkeletonEntity['§c[Seviye: 3] §fİskelet §7- §a7,8§7/§c34 ❤'/1793, l='ServerLevel[Ana dünya]', x=-114.34, y=-63.00, z=-235.20] died: §c[Seviye: 3] §fİskelet §7- §a7,8§7/§c34 ❤, §c[Seviye: 28] §fMad Zombie §7- §a42,6§7/§c54 ❤ tarafından katledildi
[19:23:39] [Server thread/INFO] (Minecraft) Named entity MadZombieEntity['§c[Seviye: 19] §fMad Zombie §7- §a41,4§7/§c50 ❤'/1781, l='ServerLevel[Ana dünya]', x=-116.91, y=-63.00, z=-236.89] died: §c[Seviye: 19] §fMad Zombie §7- §a41,4§7/§c50 ❤, §c[Seviye: 5] §fZombi §7- §a87,5§7/§c320 ❤ tarafından katledildi
[19:23:40] [Server thread/INFO] (Minecraft) Named entity MadZombieEntity['§c[Seviye: 35] §fMad Zombie §7- §a43,0§7/§c56 ❤'/1778, l='ServerLevel[Ana dünya]', x=-116.55, y=-63.00, z=-235.01] died: §c[Seviye: 35] §fMad Zombie §7- §a43,0§7/§c56 ❤, §c[Seviye: 5] §fZombi §7- §a78,4§7/§c320 ❤ tarafından katledildi
[19:23:41] [Server thread/INFO] (Minecraft) Named entity MadSkeletonEntity['§c[Seviye: 31] §fMad Skeleton §7- §a0,7§7/§c55 ❤'/1634, l='ServerLevel[Ana dünya]', x=-125.88, y=-58.00, z=-145.61] died: §c[Seviye: 31] §fMad Skeleton §7- §a0,7§7/§c55 ❤ yanarak öldü
[19:23:41] [Server thread/INFO] (Minecraft) Named entity MadZombieEntity['§c[Seviye: 28] §fMad Zombie §7- §a40,6§7/§c54 ❤'/1780, l='ServerLevel[Ana dünya]', x=-117.41, y=-63.00, z=-235.07] died: §c[Seviye: 28] §fMad Zombie §7- §a40,6§7/§c54 ❤, §c[Seviye: 5] §fZombi §7- §a74,3§7/§c320 ❤ tarafından katledildi
[19:23:42] [Server thread/INFO] (Minecraft) Named entity MadZombieEntity['§c[Seviye: 28] §fMad Zombie §7- §a39,9§7/§c54 ❤'/1776, l='ServerLevel[Ana dünya]', x=-117.31, y=-63.00, z=-236.90] died: §c[Seviye: 28] §fMad Zombie §7- §a39,9§7/§c54 ❤, §c[Seviye: 5] §fZombi §7- §a74,3§7/§c320 ❤ tarafından katledildi
[19:23:42] [Server thread/INFO] (Minecraft) Named entity MadSkeletonEntity['§c[Seviye: 27] §fMad Skeleton §7- §a0,3§7/§c53 ❤'/1633, l='ServerLevel[Ana dünya]', x=-137.24, y=-60.00, z=-149.77] died: §c[Seviye: 27] §fMad Skeleton §7- §a0,3§7/§c53 ❤ yanarak öldü
[19:23:47] [Server thread/INFO] (Minecraft) Named entity MadSkeletonEntity['§c[Seviye: 16] §fMad Skeleton §7- §a0,2§7/§c48 ❤'/1678, l='ServerLevel[Ana dünya]', x=-116.45, y=-63.00, z=-242.22] died: §c[Seviye: 16] §fMad Skeleton §7- §a0,2§7/§c48 ❤ yanarak öldü
[19:23:47] [Server thread/INFO] (Minecraft) Named entity MadSkeletonEntity['§c[Seviye: 25] §fMad Skeleton §7- §a0,6§7/§c53 ❤'/1648, l='ServerLevel[Ana dünya]', x=-114.44, y=-63.00, z=-229.56] died: §c[Seviye: 25] §fMad Skeleton §7- §a0,6§7/§c53 ❤ yanarak öldü
[19:23:48] [Server thread/INFO] (Minecraft) Named entity MadSkeletonEntity['§c[Seviye: 30] §fMad Skeleton §7- §a0,3§7/§c54 ❤'/1632, l='ServerLevel[Ana dünya]', x=-125.16, y=-58.00, z=-144.90] died: §c[Seviye: 30] §fMad Skeleton §7- §a0,3§7/§c54 ❤ yanarak öldü
[19:23:49] [Server thread/INFO] (Minecraft) Named entity MadSkeletonEntity['§c[Seviye: 5] §fMad Skeleton §7- §a0,9§7/§c38 ❤'/1695, l='ServerLevel[Ana dünya]', x=-130.53, y=-63.00, z=-145.78] died: §c[Seviye: 5] §fMad Skeleton §7- §a0,9§7/§c38 ❤ yanarak öldü
[19:23:49] [Server thread/INFO] (Minecraft) Named entity MadSkeletonEntity['§c[Seviye: 7] §fMad Skeleton §7- §a0,8§7/§c41 ❤'/1680, l='ServerLevel[Ana dünya]', x=-106.80, y=-63.00, z=-231.26] died: §c[Seviye: 7] §fMad Skeleton §7- §a0,8§7/§c41 ❤ yanarak öldü
[19:23:52] [Server thread/INFO] (Minecraft) Named entity ZombieEntity['§c[Seviye: 5] §fZombi §7- §a0,9§7/§c38 ❤'/1692, l='ServerLevel[Ana dünya]', x=-120.73, y=-60.00, z=-119.77] died: §c[Seviye: 5] §fZombi §7- §a0,9§7/§c38 ❤ yanarak öldü
[19:23:55] [Server thread/INFO] (Minecraft) Named entity MadSkeletonEntity['§c[Seviye: 15] §fMad Skeleton §7- §a0,7§7/§c48 ❤'/1542, l='ServerLevel[Ana dünya]', x=-112.04, y=-60.00, z=-212.04] died: §c[Seviye: 15] §fMad Skeleton §7- §a0,7§7/§c48 ❤ yanarak öldü
[19:23:55] [Server thread/INFO] (Minecraft) Named entity MadSkeletonEntity['§c[Seviye: 5] §fMad Skeleton §7- §a0,9§7/§c38 ❤'/1701, l='ServerLevel[Ana dünya]', x=-108.25, y=-60.00, z=-243.20] died: §c[Seviye: 5] §fMad Skeleton §7- §a0,9§7/§c38 ❤ yanarak öldü
[19:23:59] [Server thread/WARN] (Minecraft) Can't keep up! Is the server overloaded? Running 2381ms or 47 ticks behind
[19:23:59] [Server thread/INFO] (Minecraft) Named entity CreeperEntity['§c[Seviye: 4] §fCreeper §7- §a17,6§7/§c36 ❤'/1882, l='ServerLevel[Ana dünya]', x=-111.30, y=-63.00, z=-237.50] died: §c[Seviye: 4] §fCreeper §7- §a17,6§7/§c36 ❤, §c[Seviye: 15] §fMad Zombie §7- §a44,7§7/§c48 ❤ tarafından katledildi
[19:24:00] [Server thread/INFO] (Minecraft) Named entity SkeletonEntity['§c[Seviye: 1] §fİskelet §7- §a6,1§7/§c27 ❤'/1877, l='ServerLevel[Ana dünya]', x=-114.09, y=-63.00, z=-237.83] died: §c[Seviye: 1] §fİskelet §7- §a6,1§7/§c27 ❤, §c[Seviye: 3] §fMad Zombie §7- §a28,4§7/§c34 ❤ tarafından katledildi
[19:24:00] [Server thread/INFO] (Minecraft) Named entity ZombieEntity['§c[Seviye: 4] §fZombi §7- §a15,6§7/§c36 ❤'/1883, l='ServerLevel[Ana dünya]', x=-113.16, y=-63.00, z=-238.25] died: §c[Seviye: 4] §fZombi §7- §a15,6§7/§c36 ❤, §c[Seviye: 36] §fMad Zombie §7- §a7,2§7/§c56 ❤ tarafından katledildi
[19:24:01] [Server thread/INFO] (Minecraft) Named entity SkeletonEntity['§c[Seviye: 1] §fİskelet §7- §a6,4§7/§c27 ❤'/1896, l='ServerLevel[Ana dünya]', x=-111.55, y=-63.00, z=-238.37] died: §c[Seviye: 1] §fİskelet §7- §a6,4§7/§c27 ❤, §c[Seviye: 36] §fMad Zombie §7- §a6,2§7/§c56 ❤ tarafından katledildi
[19:24:01] [Server thread/INFO] (Minecraft) Named entity MadZombieEntity['§c[Seviye: 3] §fMad Zombie §7- §a27,4§7/§c34 ❤'/1875, l='ServerLevel[Ana dünya]', x=-114.71, y=-63.00, z=-238.31] died: §c[Seviye: 3] §fMad Zombie §7- §a27,4§7/§c34 ❤, §c[Seviye: 5] §fZombi §7- §a72,5§7/§c320 ❤ tarafından katledildi
[19:24:02] [Server thread/INFO] (Minecraft) Named entity MadZombieEntity['§c[Seviye: 36] §fMad Zombie §7- §a6,2§7/§c56 ❤'/1879, l='ServerLevel[Ana dünya]', x=-111.53, y=-63.00, z=-236.27] died: §c[Seviye: 36] §fMad Zombie §7- §a6,2§7/§c56 ❤, §c[Seviye: 17] §fZombi §7- §a41,9§7/§c49 ❤ tarafından katledildi
[19:24:02] [Server thread/INFO] (Minecraft) Named entity ZombieEntity['§c[Seviye: 4] §fZombi §7- §a15,7§7/§c36 ❤'/1973, l='ServerLevel[Ana dünya]', x=-194.91, y=-60.00, z=-194.47] died: §c[Seviye: 4] §fZombi §7- §a15,7§7/§c36 ❤, §c[Seviye: 36] §fMad Zombie §7- §a55,1§7/§c56 ❤ tarafından katledildi
[19:24:02] [Server thread/INFO] (Minecraft) Named entity ZombieEntity['§c[Seviye: 6] §fZombi §7- §a6,5§7/§c39 ❤'/1859, l='ServerLevel[Ana dünya]', x=-115.40, y=-63.00, z=-237.08] died: §c[Seviye: 6] §fZombi §7- §a6,5§7/§c39 ❤, §c[Seviye: 29] §fMad Zombie §7- §a52,0§7/§c54 ❤ tarafından katledildi
[19:24:02] [Server thread/INFO] (Minecraft) Named entity ZombieEntity['§c[Seviye: 18] §fZombi §7- §a4,9§7/§c49 ❤'/1948, l='ServerLevel[Ana dünya]', x=-193.98, y=-60.00, z=-199.48] died: §c[Seviye: 18] §fZombi §7- §a4,9§7/§c49 ❤, §c[Seviye: 38] §fMad Zombie §7- §a53,6§7/§c57 ❤ tarafından katledildi
[19:24:02] [Server thread/INFO] (Minecraft) Named entity ZombieEntity['§c[Seviye: 5] §fZombi §7- §a3,8§7/§c38 ❤'/1978, l='ServerLevel[Ana dünya]', x=-192.40, y=-58.00, z=-201.19] died: §c[Seviye: 5] §fZombi §7- §a3,8§7/§c38 ❤, §c[Seviye: 20] §fMad Zombie §7- §a48,4§7/§c50 ❤ tarafından katledildi
[19:24:03] [Server thread/INFO] (Minecraft) Named entity ZombieEntity['§c[Seviye: 20] §fZombi §7- §a13,4§7/§c50 ❤'/1954, l='ServerLevel[Ana dünya]', x=-197.99, y=-60.00, z=-199.57] died: §c[Seviye: 20] §fZombi §7- §a13,4§7/§c50 ❤, §c[Seviye: 16] §fMad Zombie §7- §a38,5§7/§c48 ❤ tarafından katledildi
[19:24:03] [Server thread/INFO] (Minecraft) Named entity MadZombieEntity['§c[Seviye: 4] §fMad Zombie §7- §a6,7§7/§c36 ❤'/1947, l='ServerLevel[Ana dünya]', x=-193.98, y=-60.00, z=-198.62] died: §c[Seviye: 4] §fMad Zombie §7- §a6,7§7/§c36 ❤, §c[Seviye: 18] §fZombi §7- §a21,3§7/§c49 ❤ tarafından havaya uçuruldu
[19:24:03] [Server thread/INFO] (Minecraft) Named entity MadSkeletonEntity['§c[Seviye: 3] §fMad Skeleton §7- §a30,9§7/§c34 ❤'/1987, l='ServerLevel[Ana dünya]', x=-192.90, y=-60.00, z=-198.30] died: §c[Seviye: 3] §fMad Skeleton §7- §a30,9§7/§c34 ❤, §c[Seviye: 18] §fZombi §7- §a21,3§7/§c49 ❤ tarafından havaya uçuruldu
[19:24:03] [Server thread/INFO] (Minecraft) Named entity ZombieEntity['§c[Seviye: 17] §fZombi §7- §a7,5§7/§c49 ❤'/1945, l='ServerLevel[Ana dünya]', x=-195.45, y=-60.00, z=-202.04] died: §c[Seviye: 17] §fZombi §7- §a7,5§7/§c49 ❤, §c[Seviye: 3] §fMad Zombie §7- §a29,9§7/§c34 ❤ tarafından katledildi
[19:24:03] [Server thread/INFO] (Minecraft) Named entity ZombieEntity['§c[Seviye: 1] §fZombi §7- §a0,6§7/§c27 ❤'/1976, l='ServerLevel[Ana dünya]', x=-192.27, y=-60.00, z=-204.32] died: §c[Seviye: 1] §fZombi §7- §a0,6§7/§c27 ❤, §c[Seviye: 31] §fMad Zombie §7- §a38,9§7/§c55 ❤ tarafından katledildi
[19:24:03] [Server thread/INFO] (Minecraft) Named entity ZombieEntity['§c[Seviye: 8] §fZombi §7- §a5,3§7/§c42 ❤'/1994, l='ServerLevel[Ana dünya]', x=-189.08, y=-60.00, z=-197.67] died: §c[Seviye: 8] §fZombi §7- §a5,3§7/§c42 ❤, §c[Seviye: 32] §fMad Zombie §7- §a35,5§7/§c55 ❤ tarafından katledildi
[19:24:03] [Server thread/INFO] (Minecraft) Named entity MadZombieEntity['§c[Seviye: 15] §fMad Zombie §7- §a41,5§7/§c48 ❤'/1878, l='ServerLevel[Ana dünya]', x=-113.68, y=-63.00, z=-238.03] died: §c[Seviye: 15] §fMad Zombie §7- §a41,5§7/§c48 ❤, §c[Seviye: 5] §fZombi §7- §a62,6§7/§c320 ❤ tarafından katledildi
[19:24:03] [Server thread/INFO] (Minecraft) Named entity MadZombieEntity['§c[Seviye: 21] §fMad Zombie §7- §a3,2§7/§c51 ❤'/1949, l='ServerLevel[Ana dünya]', x=-191.80, y=-60.00, z=-204.19] died: §c[Seviye: 21] §fMad Zombie §7- §a3,2§7/§c51 ❤, §c[Seviye: 20] §fZombi §7- §a46,5§7/§c50 ❤ tarafından katledildi
[19:24:04] [Server thread/INFO] (Minecraft) Named entity ZombieEntity['§c[Seviye: 15] §fZombi §7- §a6,3§7/§c48 ❤'/1965, l='ServerLevel[Ana dünya]', x=-192.35, y=-61.00, z=-199.72] died: §c[Seviye: 15] §fZombi §7- §a6,3§7/§c48 ❤, §c[Seviye: 38] §fMad Zombie §7- §a15,9§7/§c57 ❤ tarafından katledildi
[19:24:05] [Server thread/INFO] (Minecraft) Named entity ZombieEntity['§c[Seviye: 20] §fZombi §7- §a5,7§7/§c50 ❤'/1984, l='ServerLevel[Ana dünya]', x=-189.13, y=-60.00, z=-198.86] died: §c[Seviye: 20] §fZombi §7- §a5,7§7/§c50 ❤, §c[Seviye: 32] §fMad Zombie §7- §a34,5§7/§c55 ❤ tarafından katledildi
[19:24:05] [Server thread/INFO] (Minecraft) Named entity ZombieEntity['§c[Seviye: 20] §fZombi §7- §a4,9§7/§c50 ❤'/1957, l='ServerLevel[Ana dünya]', x=-190.86, y=-59.36, z=-201.77] died: §c[Seviye: 20] §fZombi §7- §a4,9§7/§c50 ❤, §c[Seviye: 31] §fMad Zombie §7- §a29,0§7/§c55 ❤ tarafından katledildi
[19:24:06] [Server thread/INFO] (Minecraft) Named entity ZombieEntity['§c[Seviye: 14] §fZombi §7- §a9,6§7/§c47 ❤'/1944, l='ServerLevel[Ana dünya]', x=-210.84, y=-60.00, z=-214.46] died: §c[Seviye: 14] §fZombi §7- §a9,6§7/§c47 ❤, §c[Seviye: 21] §fMad Zombie §7- §a44,0§7/§c51 ❤ tarafından katledildi
[19:24:06] [Server thread/INFO] (Minecraft) Named entity ZombieEntity['§c[Seviye: 17] §fZombi §7- §a11,9§7/§c49 ❤'/1858, l='ServerLevel[Ana dünya]', x=-113.48, y=-63.00, z=-234.84] died: §c[Seviye: 17] §fZombi §7- §a11,9§7/§c49 ❤, §c[Seviye: 9] §fMad Zombie §7- §a1,6§7/§c43 ❤ tarafından katledildi
[19:24:06] [Server thread/INFO] (Minecraft) Named entity MadZombieEntity['§c[Seviye: 29] §fMad Zombie §7- §a4,2§7/§c54 ❤'/1863, l='ServerLevel[Ana dünya]', x=-118.08, y=-63.00, z=-235.16] died: §c[Seviye: 29] §fMad Zombie §7- §a4,2§7/§c54 ❤, §c[Seviye: 5] §fZombi §7- §a58,3§7/§c320 ❤ tarafından katledildi
[19:24:06] [Server thread/INFO] (Minecraft) Named entity ZombieEntity['§c[Seviye: 10] §fZombi §7- §a2,6§7/§c44 ❤'/1985, l='ServerLevel[Ana dünya]', x=-192.52, y=-59.15, z=-200.47] died: §c[Seviye: 10] §fZombi §7- §a2,6§7/§c44 ❤, §c[Seviye: 3] §fMad Zombie §7- §a20,1§7/§c34 ❤ tarafından katledildi
[19:24:06] [Server thread/INFO] (Minecraft) Named entity ZombieEntity['§c[Seviye: 12] §fZombi §7- §a13,4§7/§c46 ❤'/1950, l='ServerLevel[Ana dünya]', x=-192.00, y=-61.77, z=-198.30] died: §c[Seviye: 12] §fZombi §7- §a13,4§7/§c46 ❤, §c[Seviye: 38] §fMad Zombie §7- §a7,4§7/§c57 ❤ tarafından katledildi
[19:24:06] [Server thread/INFO] (Minecraft) Named entity MadZombieEntity['§c[Seviye: 2] §fMad Zombie §7- §a6,4§7/§c31 ❤'/1952, l='ServerLevel[Ana dünya]', x=-187.44, y=-60.00, z=-200.55] died: §c[Seviye: 2] §fMad Zombie §7- §a6,4§7/§c31 ❤, §c[Seviye: 32] §fMad Zombie §7- §a33,5§7/§c55 ❤ tarafından katledildi
[19:24:07] [Server thread/INFO] (Minecraft) Named entity ZombieEntity['§c[Seviye: 7] §fZombi §7- §a14,4§7/§c41 ❤'/1958, l='ServerLevel[Ana dünya]', x=-188.87, y=-60.00, z=-200.75] died: §c[Seviye: 7] §fZombi §7- §a14,4§7/§c41 ❤, §c[Seviye: 27] §fMad Zombie §7- §a21,6§7/§c53 ❤ tarafından katledildi
[19:24:07] [Server thread/INFO] (Minecraft) Named entity ZombieEntity['§c[Seviye: 3] §fZombi §7- §a0,3§7/§c34 ❤'/1992, l='ServerLevel[Ana dünya]', x=-186.80, y=-60.00, z=-201.67] died: §c[Seviye: 3] §fZombi §7- §a0,3§7/§c34 ❤, §c[Seviye: 2] §fMad Zombie §7- §a24,0§7/§c31 ❤ tarafından katledildi
[19:24:07] [Server thread/INFO] (Minecraft) Named entity MadZombieEntity['§c[Seviye: 9] §fMad Zombie §7- §a0,6§7/§c43 ❤'/1894, l='ServerLevel[Ana dünya]', x=-113.47, y=-63.00, z=-234.90] died: §c[Seviye: 9] §fMad Zombie §7- §a0,6§7/§c43 ❤ yanarak öldü
[19:24:10] [Server thread/INFO] (Minecraft) Named entity MadZombieEntity['§c[Seviye: 21] §fMad Zombie §7- §a40,0§7/§c51 ❤'/1979, l='ServerLevel[Ana dünya]', x=-221.62, y=-60.00, z=-193.72] died: §c[Seviye: 21] §fMad Zombie §7- §a40,0§7/§c51 ❤, §c[Seviye: 15] §fZombi §7- §a201,8§7/§c320 ❤ tarafından katledildi
[19:24:11] [Server thread/INFO] (Minecraft) Named entity MadSkeletonEntity['§c[Seviye: 14] §fMad Skeleton §7- §a0,1§7/§c47 ❤'/1683, l='ServerLevel[Ana dünya]', x=-123.60, y=-60.00, z=-243.59] died: §c[Seviye: 14] §fMad Skeleton §7- §a0,1§7/§c47 ❤ yanarak öldü
[19:24:11] [Server thread/INFO] (Minecraft) Named entity MadSkeletonEntity['§c[Seviye: 10] §fMad Skeleton §7- §a0,8§7/§c44 ❤'/1693, l='ServerLevel[Ana dünya]', x=-128.49, y=-62.00, z=-138.83] died: §c[Seviye: 10] §fMad Skeleton §7- §a0,8§7/§c44 ❤ yanarak öldü
[19:24:12] [Server thread/INFO] (Minecraft) Named entity MadZombieEntity['§c[Seviye: 27] §fMad Zombie §7- §a15,6§7/§c53 ❤'/1943, l='ServerLevel[Ana dünya]', x=-220.72, y=-60.00, z=-192.55] died: §c[Seviye: 27] §fMad Zombie §7- §a15,6§7/§c53 ❤, §c[Seviye: 15] §fZombi §7- §a201,8§7/§c320 ❤ tarafından katledildi
[19:24:12] [Server thread/INFO] (Minecraft) Named entity MadSkeletonEntity['§c[Seviye: 35] §fMad Skeleton §7- §a0,8§7/§c56 ❤'/1718, l='ServerLevel[Ana dünya]', x=-118.99, y=-63.00, z=-234.03] died: §c[Seviye: 35] §fMad Skeleton §7- §a0,8§7/§c56 ❤ yanarak öldü
[19:24:12] [Server thread/INFO] (Minecraft) Named entity MadSkeletonEntity['§c[Seviye: 29] §fMad Skeleton §7- §a0,0§7/§c54 ❤'/1724, l='ServerLevel[Ana dünya]', x=-112.46, y=-63.00, z=-236.46] died: §c[Seviye: 29] §fMad Skeleton §7- §a0,0§7/§c54 ❤ yanarak öldü
[19:24:13] [Server thread/INFO] (Minecraft) Named entity MadZombieEntity['§c[Seviye: 3] §fMad Zombie §7- §a19,9§7/§c34 ❤'/1940, l='ServerLevel[Ana dünya]', x=-221.24, y=-60.00, z=-192.46] died: §c[Seviye: 3] §fMad Zombie §7- §a19,9§7/§c34 ❤, §c[Seviye: 15] §fZombi §7- §a201,8§7/§c320 ❤ tarafından katledildi
[19:24:14] [Server thread/INFO] (Minecraft) Named entity MadZombieEntity['§c[Seviye: 36] §fMad Zombie §7- §a0,4§7/§c56 ❤'/1962, l='ServerLevel[Ana dünya]', x=-211.06, y=-60.00, z=-185.06] died: §c[Seviye: 36] §fMad Zombie §7- §a0,4§7/§c56 ❤ yanarak öldü
[19:24:14] [Server thread/INFO] (Minecraft) Named entity MadZombieEntity['§c[Seviye: 38] §fMad Zombie §7- §a0,4§7/§c57 ❤'/1953, l='ServerLevel[Ana dünya]', x=-210.64, y=-60.00, z=-194.50] died: §c[Seviye: 38] §fMad Zombie §7- §a0,4§7/§c57 ❤ yanarak öldü
[19:24:16] [Server thread/INFO] (Minecraft) Named entity MadZombieEntity['§c[Seviye: 20] §fMad Zombie §7- §a31,7§7/§c50 ❤'/2184, l='ServerLevel[Ana dünya]', x=-113.29, y=-62.09, z=-237.70] died: §c[Seviye: 20] §fMad Zombie §7- §a31,7§7/§c50 ❤, §c[Seviye: 5] §fZombi §7- §a58,3§7/§c320 ❤ tarafından katledildi
[19:24:16] [Server thread/INFO] (Minecraft) Named entity MadZombieEntity['§c[Seviye: 20] §fMad Zombie §7- §a29,7§7/§c30 ❤'/1968, l='ServerLevel[Ana dünya]', x=-235.27, y=-60.00, z=-189.80] died: §c[Seviye: 20] §fMad Zombie §7- §a29,7§7/§c30 ❤, §c[Seviye: 15] §fZombi §7- §a201,8§7/§c320 ❤ tarafından katledildi
[19:24:17] [Server thread/INFO] (Minecraft) Named entity MadZombieEntity['§c[Seviye: 29] §fMad Zombie §7- §a15,7§7/§c54 ❤'/1942, l='ServerLevel[Ana dünya]', x=-237.47, y=-60.00, z=-189.44] died: §c[Seviye: 29] §fMad Zombie §7- §a15,7§7/§c54 ❤, §c[Seviye: 15] §fZombi §7- §a201,8§7/§c320 ❤ tarafından katledildi
[19:24:18] [Server thread/INFO] (Minecraft) Named entity MadZombieEntity['§c[Seviye: 4] §fMad Zombie §7- §a5,0§7/§c36 ❤'/1993, l='ServerLevel[Ana dünya]', x=-238.49, y=-60.00, z=-187.92] died: §c[Seviye: 4] §fMad Zombie §7- §a5,0§7/§c36 ❤, §c[Seviye: 15] §fZombi §7- §a201,8§7/§c320 ❤ tarafından katledildi
[19:24:19] [Server thread/INFO] (Minecraft) Named entity MadZombieEntity['§c[Seviye: 31] §fMad Zombie §7- §a7,0§7/§c55 ❤'/1975, l='ServerLevel[Ana dünya]', x=-239.29, y=-60.00, z=-189.30] died: §c[Seviye: 31] §fMad Zombie §7- §a7,0§7/§c55 ❤, §c[Seviye: 15] §fZombi §7- §a201,8§7/§c320 ❤ tarafından katledildi
[19:24:20] [Server thread/INFO] (Minecraft) Named entity ZombieEntity['§c[Seviye: 15] §fZombi §7- §a201,8§7/§c320 ❤'/26, l='ServerLevel[Ana dünya]', x=-241.77, y=-60.00, z=-190.40] died: §c[Seviye: 15] §fZombi §7- §a201,8§7/§c320 ❤, §c[Seviye: 3] §fMad Zombie §7- §a5,1§7/§c34 ❤ tarafından katledildi
[19:24:22] [Server thread/INFO] (Minecraft) Saving and pausing game...
[19:24:23] [Server thread/INFO] (Minecraft) Saving chunks for level 'ServerLevel[Ana dünya]'/minecraft:overworld
[19:24:23] [Server thread/INFO] (Minecraft) Saving chunks for level 'ServerLevel[Ana dünya]'/minecraft:the_end
[19:24:23] [Server thread/INFO] (Minecraft) Saving chunks for level 'ServerLevel[Ana dünya]'/minecraft:the_nether
[19:34:17] [Server thread/WARN] (Minecraft) Can't keep up! Is the server overloaded? Running 2844ms or 56 ticks behind
[19:36:02] [Render thread/INFO] (Minecraft) Stopping!
[19:36:02] [Server thread/INFO] (Minecraft) Player404 lost connection: Bağlantı kesildi
[19:36:02] [Server thread/INFO] (Minecraft) Player404 oyundan ayrıldı
[19:36:02] [Server thread/INFO] (Minecraft) Stopping singleplayer server as player logged out
[19:36:03] [Server thread/INFO] (Minecraft) Stopping server
[19:36:03] [Server thread/INFO] (Minecraft) Saving players
[19:36:03] [Server thread/INFO] (Minecraft) Saving worlds
[19:36:03] [Server thread/INFO] (Minecraft) Saving chunks for level 'ServerLevel[Ana dünya]'/minecraft:overworld
[19:36:03] [Server thread/INFO] (Minecraft) Saving chunks for level 'ServerLevel[Ana dünya]'/minecraft:the_end
[19:36:03] [Server thread/INFO] (Minecraft) Saving chunks for level 'ServerLevel[Ana dünya]'/minecraft:the_nether
[19:36:03] [Server thread/INFO] (Minecraft) ThreadedAnvilChunkStorage (Yeni Dünya): All chunks are saved
[19:36:03] [Server thread/INFO] (Minecraft) ThreadedAnvilChunkStorage (DIM1): All chunks are saved
[19:36:03] [Server thread/INFO] (Minecraft) ThreadedAnvilChunkStorage (DIM-1): All chunks are saved
[19:36:03] [Server thread/INFO] (Minecraft) ThreadedAnvilChunkStorage: All dimensions are saved
[19:36:04] [Thread-3/INFO] (Minecraft) [STDOUT]: [MobPVP] Mod kapanıyor...
